[2026-01-22 11:41:53.651] [DISPLAY] [Main ] [fileutils] Checking version: C:\Program Files\Rockstar Games\Launcher\Launcher.exe
[2026-01-22 11:41:53.684] [DISPLAY] [Main ] [dx12] Retrieving D3D12 graphics info
[2026-01-22 11:41:54.592] [DISPLAY] [Main ] [launcher] Opening log file.
[2026-01-22 11:41:54.605] [DISPLAY] [Main ] [startupinfo] Command line: "C:\Program Files\Rockstar Games\Launcher\Launcher.exe" -skipPatcherCheck -EpicPortal -epiclocale=es-ES -epicsandboxid=b0cd075465c44f87be3b505ac04a2e46 -rlrosdomainenv=prod @args.txt -upgrade -relaunchFromEpic=8769e24080ea413b8ebca3f1b8c50951
[2026-01-22 11:41:54.605] [DISPLAY] [Main ] [startupinfo] P4 Version: 
[2026-01-22 11:41:54.605] [DISPLAY] [Main ] [startupinfo] RGL Branch: release_05
[2026-01-22 11:41:54.605] [DISPLAY] [Main ] [startupinfo] Version:    1.0.105.2733
[2026-01-22 11:41:54.605] [DISPLAY] [Main ] [startupinfo] Session ID: fd80cc01-b56d-1226-93c2-35fd2f79143d
[2026-01-22 11:41:54.605] [DISPLAY] [Main ] [startupinfo] Name Hash:  5BDE5F56
[2026-01-22 11:41:54.605] [DISPLAY] [Main ] [startupinfo] Parameters:
[2026-01-22 11:41:54.605] [DISPLAY] [Main ] [startupinfo]     C:\Program Files\Rockstar Games\Launcher\Launcher.exe
[2026-01-22 11:41:54.605] [DISPLAY] [Main ] [startupinfo]     -skipPatcherCheck
[2026-01-22 11:41:54.605] [DISPLAY] [Main ] [startupinfo]     -EpicPortal
[2026-01-22 11:41:54.606] [DISPLAY] [Main ] [startupinfo]     -epiclocale=es-ES
[2026-01-22 11:41:54.606] [DISPLAY] [Main ] [startupinfo]     -epicsandboxid=b0cd075465c44f87be3b505ac04a2e46
[2026-01-22 11:41:54.606] [DISPLAY] [Main ] [startupinfo]     -rlrosdomainenv=prod
[2026-01-22 11:41:54.606] [DISPLAY] [Main ] [startupinfo]     @args.txt
[2026-01-22 11:41:54.606] [DISPLAY] [Main ] [startupinfo]     -upgrade
[2026-01-22 11:41:54.606] [DISPLAY] [Main ] [startupinfo]     -relaunchFromEpic=8769e24080ea413b8ebca3f1b8c50951
[2026-01-22 11:41:54.606] [DISPLAY] [Main ] [startup] Initial Working Directory: C:\Program Files\Rockstar Games\Launcher
[2026-01-22 11:41:54.606] [DISPLAY] [Main ] [startup] Working directory: C:\Program Files\Rockstar Games\Launcher
[2026-01-22 11:41:54.615] [DISPLAY] [Main ] [packfile] Initialize 'Launcher.rpf' - succeeded
[2026-01-22 11:41:54.616] [DISPLAY] [Main ] [localisation] Language updated to: 4
[2026-01-22 11:41:54.727] [DISPLAY] [Main ] [external] Creating epic min mode launch
[2026-01-22 11:41:54.727] [DISPLAY] [Main ] [external] Epic App Id: 
[2026-01-22 11:41:54.727] [DISPLAY] [Main ] [external] Epic Location: C:\Program Files\Epic Games\GTAVEnhanced
[2026-01-22 11:41:54.727] [DISPLAY] [Main ] [external] Epic Relaunch: true
[2026-01-22 11:41:54.767] [ ERROR ] [Main ] [shell] Could not do OpenProcess on parent process.
[2026-01-22 11:41:54.767] [DISPLAY] [Main ] [external] Unable to query parent process
[2026-01-22 11:41:54.768] [DISPLAY] [Main ] [metadatamanager] Read external Epic metadata: 
[2026-01-22 11:41:54.768] [DISPLAY] [Main ] [startup] Relaunch from third party platform required
[2026-01-22 11:41:54.768] [DISPLAY] [Main ] [launcher] Launching epic title: 8769e24080ea413b8ebca3f1b8c50951
[2026-01-22 11:41:55.139] [DISPLAY] [Main ] [startup] Shutting down to request third-party min-mode launch
