[2026-01-30 12:37:28.873] [DISPLAY] [Main ] [fileutils] Checking version: C:\Program Files\Rockstar Games\Launcher\Launcher.exe
[2026-01-30 12:37:28.914] [DISPLAY] [Main ] [dx12] Retrieving D3D12 graphics info
[2026-01-30 12:37:29.651] [DISPLAY] [Main ] [launcher] Opening log file.
[2026-01-30 12:37:29.661] [DISPLAY] [Main ] [startupinfo] Command line: "C:\Program Files\Rockstar Games\Launcher\Launcher.exe" -skipPatcherCheck -epicAppId=gta5_gen9  -AUTH_LOGIN=unused -AUTH_PASSWORD=f9aad6c3f31249ed834e9cfeb32a979c -AUTH_TYPE=exchangecode -epicapp=8769e24080ea413b8ebca3f1b8c50951 -epicenv=Prod -EpicPortal -epicusername="paauuferreer" -epicuserid=ef75d578b50840a8a6eba7fdce3d5ab9 -epiclocale=es-ES -epicsandboxid=b0cd075465c44f87be3b505ac04a2e46 -rlrosdomainenv=prod @args.txt
[2026-01-30 12:37:29.661] [DISPLAY] [Main ] [startupinfo] P4 Version: 
[2026-01-30 12:37:29.661] [DISPLAY] [Main ] [startupinfo] RGL Branch: release_05
[2026-01-30 12:37:29.661] [DISPLAY] [Main ] [startupinfo] Version:    1.0.105.2733
[2026-01-30 12:37:29.661] [DISPLAY] [Main ] [startupinfo] Session ID: b254b401-3a12-1228-980c-0867f3f09bcc
[2026-01-30 12:37:29.661] [DISPLAY] [Main ] [startupinfo] Name Hash:  5BDE5F56
[2026-01-30 12:37:29.661] [DISPLAY] [Main ] [startupinfo] Parameters:
[2026-01-30 12:37:29.661] [DISPLAY] [Main ] [startupinfo]     C:\Program Files\Rockstar Games\Launcher\Launcher.exe
[2026-01-30 12:37:29.661] [DISPLAY] [Main ] [startupinfo]     -skipPatcherCheck
[2026-01-30 12:37:29.661] [DISPLAY] [Main ] [startupinfo]     -epicAppId=gta5_gen9
[2026-01-30 12:37:29.661] [DISPLAY] [Main ] [startupinfo]     -AUTH_LOGIN=unused
[2026-01-30 12:37:29.661] [DISPLAY] [Main ] [startupinfo]     -AUTH_PASSWORD=f9aad6c3f31249ed834e9cfeb32a979c
[2026-01-30 12:37:29.661] [DISPLAY] [Main ] [startupinfo]     -AUTH_TYPE=exchangecode
[2026-01-30 12:37:29.661] [DISPLAY] [Main ] [startupinfo]     -epicapp=8769e24080ea413b8ebca3f1b8c50951
[2026-01-30 12:37:29.661] [DISPLAY] [Main ] [startupinfo]     -epicenv=Prod
[2026-01-30 12:37:29.661] [DISPLAY] [Main ] [startupinfo]     -EpicPortal
[2026-01-30 12:37:29.661] [DISPLAY] [Main ] [startupinfo]     -epicusername=paauuferreer
[2026-01-30 12:37:29.661] [DISPLAY] [Main ] [startupinfo]     -epicuserid=ef75d578b50840a8a6eba7fdce3d5ab9
[2026-01-30 12:37:29.661] [DISPLAY] [Main ] [startupinfo]     -epiclocale=es-ES
[2026-01-30 12:37:29.661] [DISPLAY] [Main ] [startupinfo]     -epicsandboxid=b0cd075465c44f87be3b505ac04a2e46
[2026-01-30 12:37:29.661] [DISPLAY] [Main ] [startupinfo]     -rlrosdomainenv=prod
[2026-01-30 12:37:29.661] [DISPLAY] [Main ] [startupinfo]     @args.txt
[2026-01-30 12:37:29.661] [DISPLAY] [Main ] [startup] Initial Working Directory: C:\Program Files\Epic Games\GTAVEnhanced
[2026-01-30 12:37:29.661] [DISPLAY] [Main ] [startup] Working directory: C:\Program Files\Rockstar Games\Launcher
[2026-01-30 12:37:29.673] [DISPLAY] [Main ] [packfile] Initialize 'Launcher.rpf' - succeeded
[2026-01-30 12:37:29.673] [DISPLAY] [Main ] [localisation] Language updated to: 4
[2026-01-30 12:37:29.745] [DISPLAY] [Main ] [external] Creating epic min mode launch
[2026-01-30 12:37:29.745] [DISPLAY] [Main ] [external] Epic App Id: gta5_gen9
[2026-01-30 12:37:29.745] [DISPLAY] [Main ] [external] Epic Location: C:\Program Files\Epic Games\GTAVEnhanced
[2026-01-30 12:37:29.746] [DISPLAY] [Main ] [external] Epic Relaunch: false
[2026-01-30 12:37:29.774] [DISPLAY] [Main ] [external] Running from Epic Games Launcher.
[2026-01-30 12:37:29.778] [DISPLAY] [Main ] [metadatamanager] Read external Epic metadata: gta5_gen9
[2026-01-30 12:37:29.778] [DISPLAY] [Main ] [environment] SetEnvironment: prod
[2026-01-30 12:37:29.792] [ ERROR ] [Main ] [fileutils] Failed to delete directory: C:\Users\bypau\OneDrive\Documents\Rockstar Games\GTAV Enhanced\User Music
[2026-01-30 12:37:29.796] [DISPLAY] [Main ] [subsystem] Init phase 1
[2026-01-30 12:37:29.796] [DISPLAY] [Main ] [fileutils] Checking version: C:\Program Files\Rockstar Games\Launcher\RockstarService.exe
[2026-01-30 12:37:30.059] [DISPLAY] [Main ] [svc] Service version: 1.0.105.2733 (1.0.105.2733)
[2026-01-30 12:37:30.059] [DISPLAY] [Main ] [svc] Starting service (attempt 1 / 3)...
[2026-01-30 12:37:30.342] [DISPLAY] [Main ] [titlestorage] Installed titles:
[2026-01-30 12:37:30.342] [DISPLAY] [Main ] [titlestorage]  Title                             Progress               Version              Location                                                    
[2026-01-30 12:37:30.378] [DISPLAY] [Main ] [fileutils] Checking version: C:\Program Files\Rockstar Games\Social Club\socialclub.dll
[2026-01-30 12:37:30.532] [DISPLAY] [Main ] [subsystem] Initializing group 0...
[2026-01-30 12:37:30.533] [DISPLAY] [Main ] [subsystem] Init phase 2
[2026-01-30 12:37:30.533] [DISPLAY] [Main ] [subsystem] Starting systems...
[2026-01-30 12:37:30.533] [DISPLAY] [Main ] [minmode] Overriding language from external game launch: es-ES
[2026-01-30 12:37:30.533] [DISPLAY] [Main ] [localisation] Language updated to: 4
[2026-01-30 12:37:30.533] [DISPLAY] [Main ] [subsystem] Starting diag...
[2026-01-30 12:37:30.533] [DISPLAY] [Main ] [fileutils] Checking local versions...
[2026-01-30 12:37:30.533] [DISPLAY] [Main ] [fileutils] Checking version: C:\Program Files\Rockstar Games\Social Club\socialclub.dll
[2026-01-30 12:37:30.534] [DISPLAY] [Main ] [fileutils] Checking RGL version...
[2026-01-30 12:37:30.534] [DISPLAY] [Main ] [fileutils] Version: 2.4.0.146 | 1.0.105.2733 | FFP
[2026-01-30 12:37:30.534] [DISPLAY] [Main ] [subsystem] Starting net...
[2026-01-30 12:37:30.548] [DISPLAY] [Main ] [subsystem] Assigning pools...
[2026-01-30 12:37:30.548] [DISPLAY] [Main ] [subsystem] Initializing engine...
[2026-01-30 12:37:30.549] [DISPLAY] [Main ] [subsystem] Initializing group 1...
[2026-01-30 12:37:30.609] [DISPLAY] [Workr] [selfupdate] Up-to-date.
[2026-01-30 12:37:30.753] [DISPLAY] [bgsvc] [svc] Received response from service.
[2026-01-30 12:37:30.809] [DISPLAY] [Main ] [systemtray] System tray: enabled
[2026-01-30 12:37:30.815] [DISPLAY] [Main ] [launcher] Passed check: majorVersion(10.0.26200) >= 10
[2026-01-30 12:37:30.944] [DISPLAY] [http1] [idownloader] Starting download of 'https://gamedownloads-rockstargames-com.akamaized.net/public/launcher_online_config.xml'
[2026-01-30 12:37:31.084] [DISPLAY] [http1] [idownloader] Completed download of 'https://gamedownloads-rockstargames-com.akamaized.net/public/launcher_online_config.xml' (status: 0/200)
[2026-01-30 12:37:31.153] [DISPLAY] [Workr] [marketing_promo] No promotion manifest in memory, refreshing from cloud.
[2026-01-30 12:37:31.153] [DISPLAY] [Workr] [marketing_promo] Requesting new manifest
[2026-01-30 12:37:31.153] [DISPLAY] [Workr] [titlemanager] Downloading title list...
[2026-01-30 12:37:31.153] [DISPLAY] [Workr] [titlemanager] Downloading default title list (SCS)...
[2026-01-30 12:37:31.153] [DISPLAY] [Workr] [idownloader] Starting download of 'https://rgl-prod.ros.rockstargames.com/launcher/11/LauncherServices/App.asmx/GetDefaultApps?accessToken='
[2026-01-30 12:37:31.640] [DISPLAY] [Workr] [idownloader] Completed download of 'https://rgl-prod.ros.rockstargames.com/launcher/11/LauncherServices/App.asmx/GetDefaultApps?accessToken=' (status: 0/200)
[2026-01-30 12:37:31.640] [DISPLAY] [Workr] [services] Obtained NA-BAT
[2026-01-30 12:37:31.640] [DISPLAY] [Workr] [services] Parsed response from GetDefaultApps: 1 title(s), 1 branch(es)
[2026-01-30 12:37:31.640] [DISPLAY] [Workr] [titlemanager] Retrieved default title: launcher
[2026-01-30 12:37:31.640] [DISPLAY] [Workr] [titlemanager] Launcher tokens: BAT: false, NA-BAT: true
[2026-01-30 12:37:31.640] [DISPLAY] [Workr] [titlemanager] Title list updated.
[2026-01-30 12:37:31.640] [DISPLAY] [Workr] [launcher] Checking for self-update...
[2026-01-30 12:37:31.649] [DISPLAY] [Workr] [mergedmanifest] Using regular build for launcher
[2026-01-30 12:37:31.649] [DISPLAY] [Workr] [titleupdater] Doing chunk checks for launcher...
[2026-01-30 12:37:32.108] [DISPLAY] [Workr] [titleupdater] Checked 60 chunk(s), 0 were empty, skipped 0 chunk(s) and 0 file(s)
[2026-01-30 12:37:32.109] [DISPLAY] [Workr] [statuschecker] Title Rockstar Games Launcher: No update
[2026-01-30 12:37:32.117] [DISPLAY] [Workr] [launcher] No self-update, continuing.
[2026-01-30 12:37:32.128] [DISPLAY] [Workr] [launcher] Checking for prerequisite updates...
[2026-01-30 12:37:32.128] [DISPLAY] [Workr] [fileutils] Checking version: C:\Program Files\Rockstar Games\Social Club\socialclub.dll
[2026-01-30 12:37:32.129] [DISPLAY] [Workr] [fileutils] Checking version: C:\Program Files\Rockstar Games\Launcher\Redistributables\SocialClub\Social-Club-Setup.exe
[2026-01-30 12:37:32.131] [DISPLAY] [Workr] [preqmanager] The Social Club version available matches that currently installed (both: 2.4.0.146)
[2026-01-30 12:37:32.131] [DISPLAY] [Workr] [titleupdater] No prerequisites to install.
[2026-01-30 12:37:32.131] [DISPLAY] [Workr] [launcher] Checking minimum SDK requirement
[2026-01-30 12:37:32.131] [DISPLAY] [Workr] [fileutils] Checking version: C:\Program Files\Rockstar Games\Social Club\socialclub.dll
[2026-01-30 12:37:32.218] [DISPLAY] [Workr] [launcher] Completed Pre-initialization tasks
[2026-01-30 12:37:32.232] [DISPLAY] [Main ] [subsystem] Init phase 3
[2026-01-30 12:37:32.232] [DISPLAY] [Main ] [subsystem] RGL Offline Assets path: C:\Program Files\Rockstar Games\Launcher\offline.pak
[2026-01-30 12:37:32.232] [DISPLAY] [Main ] [subsystem] Intializing connection manager.
[2026-01-30 12:37:32.232] [DISPLAY] [Main ] [subsystem] Initializing RAGE networking.
[2026-01-30 12:37:32.821] [DISPLAY] [Main ] [subsystem] Initializing group 2...
[2026-01-30 12:37:32.975] [DISPLAY] [Workr] [dx12] Retrieving D3D12 graphics info
[2026-01-30 12:37:33.398] [DISPLAY] [Workr] [sysinfo] System Configuration: 
 CPU Info:
  ID: AMD64 Family 25 Model 68 Stepping 1
  Name: AMD Ryzen 7 7735HS with Radeon Graphics        
  Clock Speed: 3.19 GHZ
  Physical Cores: 8
  Logical Cores: 16
  SSE 4.1: enabled
  SSE 4.2: enabled

 Disk 0 (C:\)
  Disk Type: NVMe
  Bytes Free: 623096066048
  Bytes Total: 1023306362880

Memory Info:
 17179869184 B
 16 GB

 GPU 0
  Description: NVIDIA GeForce RTX 4050 Laptop GPU
  Capacity (Bytes): 6208618496
  Display Capacity: 6.0 GB

 GPU 1
  Description: AMD Radeon(TM) Graphics
  Capacity (Bytes): 506949632
  Display Capacity: 0.5 GB
[2026-01-30 12:37:33.401] [DISPLAY] [Workr] [idownloader] Starting download of 'https://gamedownloads-rockstargames-com.akamaized.net/public/marketing.json'
[2026-01-30 12:37:33.817] [DISPLAY] [Workr] [idownloader] Completed download of 'https://gamedownloads-rockstargames-com.akamaized.net/public/marketing.json' (status: 0/200)
[2026-01-30 12:37:33.928] [DISPLAY] [Workr] [fileutils] Could not enumerate files in folder 'C:\Users\bypau\AppData\Local\Rockstar Games\Launcher\IconCache', path not found.
[2026-01-30 12:37:35.985] [DISPLAY] [Main ] [sysinfo] Identified device Type: 0
[2026-01-30 12:37:36.262] [DISPLAY] [Main ] [launcher] Social Club UI has started.
[2026-01-30 12:37:36.262] [DISPLAY] [Main ] [fileutils] Checking version: C:\Program Files\Rockstar Games\Social Club\socialclub.dll
[2026-01-30 12:37:36.262] [DISPLAY] [Admin] [external] Setting up epic title: gta5_gen9
[2026-01-30 12:37:36.470] [DISPLAY] [Main ] [launcher] Time to start up: 7668 ms
[2026-01-30 12:37:36.481] [DISPLAY] [Main ] [systemtray] System tray: enabled
[2026-01-30 12:37:36.579] [DISPLAY] [Main ] [ui_window_controller] UiWindowController::SetContext: Invalid -> Auth
[2026-01-30 12:37:36.579] [DISPLAY] [Main ] [ui_window_controller] UiWindowController::SetState: Invalid -> WaitForBrowser
[2026-01-30 12:37:36.581] [DISPLAY] [Main ] [ui_window_controller] UiWindowController::SetState: WaitForBrowser -> WaitForWindow
[2026-01-30 12:37:38.360] [DISPLAY] [Main ] [launcher] OnEpicEvent :: 0 received
[2026-01-30 12:37:38.457] [DISPLAY] [Admin] [metadatamanager] Read external Epic metadata: gta5_gen9
[2026-01-30 12:37:38.863] [DISPLAY] [Admin] [external] Epic ownership request indicated valid entitlement of at least once audience
[2026-01-30 12:37:38.872] [DISPLAY] [Admin] [external] Successfully setup title
[2026-01-30 12:37:38.872] [DISPLAY] [Main ] [external] Client is ready to attempt a launch.
[2026-01-30 12:37:42.404] [DISPLAY] [Main ] [ui_window_controller] UiWindowController::SetState: WaitForWindow -> Active
[2026-01-30 12:37:44.620] [DISPLAY] [Main ] [ui_window_controller] UiWindowController::SetState: Active -> WaitForBrowser
[2026-01-30 12:37:44.620] [DISPLAY] [Main ] [ui_window_controller] UiWindowController::SetState: WaitForBrowser -> WaitForWindow
[2026-01-30 12:37:44.620] [DISPLAY] [Main ] [ui_window_controller] UiWindowController::SetState: WaitForWindow -> Active
[2026-01-30 12:37:49.574] [DISPLAY] [Main ] [ui_window_controller] UiWindowController::SetContext: Auth -> MainWindow
[2026-01-30 12:37:49.574] [DISPLAY] [Main ] [ui_window_controller] UiWindowController::SetState: Active -> WaitForBrowser
[2026-01-30 12:37:49.597] [DISPLAY] [Main ] [ui_mainwindow] Using DPI 96,96
[2026-01-30 12:37:49.597] [DISPLAY] [Main ] [ui_mainwindow] Using UI Scale: 1.00
[2026-01-30 12:37:49.597] [DISPLAY] [Main ] [ui_mainwindow] Using saved geometry: 167,142 (1588 x 740)
[2026-01-30 12:37:49.620] [DISPLAY] [Main ] [launcher] Presence Event - Signed In
[2026-01-30 12:37:49.620] [DISPLAY] [Main ] [launcher] User 'Dozuyl' is now signed in
[2026-01-30 12:37:49.657] [DISPLAY] [Main ] [launcher] Presence Event :: Went Online
[2026-01-30 12:37:49.657] [DISPLAY] [Admin] [titlemanager] Downloading title list...
[2026-01-30 12:37:49.657] [DISPLAY] [Main ] [ui_window_controller] UiWindowController::SetState: WaitForBrowser -> WaitForWindow
[2026-01-30 12:37:49.657] [DISPLAY] [Main ] [ui_window_controller] UiWindowController::SetState: WaitForWindow -> Active
[2026-01-30 12:37:49.680] [DISPLAY] [Admin] [titlemanager] Downloading title list (SCS)...
[2026-01-30 12:37:49.882] [DISPLAY] [Main ] [external] Attempting external title launch...
[2026-01-30 12:37:49.882] [DISPLAY] [Main ] [gamelaunch] Begin game launch: gta5_gen9
[2026-01-30 12:37:49.882] [DISPLAY] [Main ] [gamelaunch] Flags: 67
[2026-01-30 12:37:49.882] [DISPLAY] [Main ] [gamelaunch] Path: C:\Program Files\Epic Games\GTAVEnhanced
[2026-01-30 12:37:49.902] [DISPLAY] [Main ] [telemetrymanager] Secondary platform is set to: 9
[2026-01-30 12:37:49.902] [DISPLAY] [Main ] [scuicallbacks] Enabling Downloading
[2026-01-30 12:37:49.906] [DISPLAY] [30132] [gamelaunch] Launch Folder: C:\Program Files\Epic Games\GTAVEnhanced
[2026-01-30 12:37:49.906] [DISPLAY] [30132] [gamelaunch] Launch Path: C:\Program Files\Epic Games\GTAVEnhanced\GTA5_Enhanced.exe
[2026-01-30 12:37:49.937] [DISPLAY] [Main ] [launcher] Friend Event - Friends are Available
[2026-01-30 12:37:50.191] [DISPLAY] [Main ] [scuicallbacks] Launch requested by user: gta5_gen9, default
[2026-01-30 12:37:50.191] [WARNING] [Main ] [scuicallbacks] Second external launch requested from SCUI. Discarding (Requested: gta5_gen9, Existing: gta5_gen9)
[2026-01-30 12:37:50.239] [DISPLAY] [30132] [fileutils] Checking version: C:\Program Files\Epic Games\GTAVEnhanced\GTA5_Enhanced.exe
[2026-01-30 12:37:50.250] [DISPLAY] [30132] [gamelaunch] RGL is up to date (current: 1.0.105.2733, minimum: 1.0.101.2370)
[2026-01-30 12:37:50.250] [DISPLAY] [30132] [fileutils] Checking version: C:\Program Files\Epic Games\GTAVEnhanced\GTA5_Enhanced.exe
[2026-01-30 12:37:50.252] [DISPLAY] [30132] [gamelaunch] Grand Theft Auto V Enhanced is up to date (current: 1.0.1013.29, minimum: 1.0.812.5)
[2026-01-30 12:37:50.252] [DISPLAY] [30132] [fileutils] Checking version: C:\Program Files\Rockstar Games\Social Club\socialclub.dll
[2026-01-30 12:37:53.101] [DISPLAY] [Main ] [services] Parsed response from GetApps: 22 title(s), 1 branch(es)
[2026-01-30 12:37:53.123] [DISPLAY] [Admin] [titlemanager] Title list updated.
[2026-01-30 12:37:55.085] [DISPLAY] [Admin] [titlemanager] Downloading title list...
[2026-01-30 12:37:55.085] [DISPLAY] [Admin] [titlemanager] Downloading title list (SCS)...
[2026-01-30 12:37:55.679] [DISPLAY] [Main ] [services] Parsed response from GetApps: 22 title(s), 1 branch(es)
[2026-01-30 12:37:55.693] [DISPLAY] [Admin] [titlemanager] Title list updated.
[2026-01-30 12:37:56.765] [DISPLAY] [Main ] [cloudsaveop] Cloud Save sync requested for app 'gta5_gen9'
[2026-01-30 12:37:56.782] [DISPLAY] [Main ] [cloudsaveop] Starting cloud save enabled check for app 'gta5_gen9'
[2026-01-30 12:37:56.785] [DISPLAY] [Main ] [cloudsaveop] Received cloud saves enabled state for app 'gta5_gen9' = enabled
[2026-01-30 12:37:56.785] [DISPLAY] [Main ] [cloudsaveop] Identifying potential cloud save conflicts for app 'gta5_gen9'
[2026-01-30 12:37:57.289] [DISPLAY] [Main ] [cloudsaveop] Received modification list of cloud save files for title 'gta5_gen9'
[2026-01-30 12:37:57.289] [DISPLAY] [Main ] [cloudsaveop] Retrieving conflict metadata for app 'gta5_gen9'
[2026-01-30 12:37:57.306] [DISPLAY] [Main ] [cloudsaveop] Downloaded conflict metadata for app 'gta5_gen9'
[2026-01-30 12:37:57.306] [DISPLAY] [Main ] [cloudsaveop] Posting updated files for app 'gta5_gen9'
[2026-01-30 12:37:57.323] [DISPLAY] [Main ] [cloudsaveop] File uploading completed for app 'gta5_gen9'
[2026-01-30 12:37:57.323] [DISPLAY] [Main ] [cloudsaveop] Getting update files for app 'gta5_gen9'
[2026-01-30 12:37:57.340] [DISPLAY] [Main ] [cloudsaveop] File downloading completed for app 'gta5_gen9'
[2026-01-30 12:37:57.340] [DISPLAY] [Main ] [cloudsaveop] Deleting updated files for app 'gta5_gen9'
[2026-01-30 12:37:57.357] [DISPLAY] [Main ] [cloudsaveop] Files deletion completed for app 'gta5_gen9'
[2026-01-30 12:37:57.357] [DISPLAY] [Main ] [cloudsaveop] Swapping updated files in place for app 'gta5_gen9'
[2026-01-30 12:37:57.374] [DISPLAY] [Main ] [cloudsaveop] Finished syncing cloud saves for app 'gta5_gen9'
[2026-01-30 12:37:57.649] [DISPLAY] [net1 ] [audio] Valid Audio Device: true
[2026-01-30 12:37:59.112] [DISPLAY] [30132] [gamelaunch] Launching game...
[2026-01-30 12:37:59.112] [DISPLAY] [30132] [gamelaunch]  Path: C:\Program Files\Epic Games\GTAVEnhanced\GTA5_Enhanced_BE.exe
[2026-01-30 12:37:59.112] [DISPLAY] [30132] [gamelaunch]  Command Line: "C:\Program Files\Epic Games\GTAVEnhanced\GTA5_Enhanced_BE.exe" -skipPatcherCheck -epicAppId=gta5_gen9 -AUTH_LOGIN=unused -AUTH_PASSWORD=f9aad6c3f31249ed834e9cfeb32a979c -AUTH_TYPE=exchangecode -epicapp=8769e24080ea413b8ebca3f1b8c50951 -epicenv=Prod -EpicPortal -epicusername=paauuferreer -epicuserid=ef75d578b50840a8a6eba7fdce3d5ab9 -epiclocale=es-ES -epicsandboxid=b0cd075465c44f87be3b505ac04a2e46 -rlrosdomainenv=prod @args.txt -enableCrashpad -useEpic -scCommerceProvider=4 @commandline.txt -fromRGL -scDiscordClientId=1329870933695135785 -rglLanguage=es-ES
[2026-01-30 12:37:59.112] [DISPLAY] [30132] [gamelaunch]  Working Directory: C:\Program Files\Epic Games\GTAVEnhanced
[2026-01-30 12:39:38.188] [DISPLAY] [Main ] [launcher] OnEpicEvent :: 0 received
[2026-01-30 12:39:38.934] [ ERROR ] [30132] [gamelaunch] Game exited before creating a window.
[2026-01-30 12:39:38.934] [WARNING] [30132] [gamelaunch] No game or BattlEye window exists for game tracking.
[2026-01-30 12:39:38.934] [ ERROR ] [30132] [gamelaunch] Game exited before creating a window.
[2026-01-30 12:39:38.934] [DISPLAY] [30132] [gamelaunch] Game exited with code 0x0 (0)
[2026-01-30 12:39:38.944] [DISPLAY] [30132] [crashdetection] Game left no exit file.
[2026-01-30 12:39:38.944] [DISPLAY] [30132] [crashdetection] Exit code 0x0 indicates a clean game shutdown
[2026-01-30 12:39:38.983] [DISPLAY] [Main ] [cloudsaveop] Cloud Save sync requested for app 'gta5_gen9'
[2026-01-30 12:39:39.000] [DISPLAY] [Main ] [cloudsaveop] Starting cloud save enabled check for app 'gta5_gen9'
[2026-01-30 12:39:39.002] [DISPLAY] [Main ] [cloudsaveop] Received cloud saves enabled state for app 'gta5_gen9' = enabled
[2026-01-30 12:39:39.002] [DISPLAY] [Main ] [cloudsaveop] Identifying potential cloud save conflicts for app 'gta5_gen9'
[2026-01-30 12:39:39.471] [DISPLAY] [Main ] [cloudsaveop] Received modification list of cloud save files for title 'gta5_gen9'
[2026-01-30 12:39:39.471] [DISPLAY] [Main ] [cloudsaveop] Retrieving conflict metadata for app 'gta5_gen9'
[2026-01-30 12:39:39.489] [DISPLAY] [Main ] [cloudsaveop] Downloaded conflict metadata for app 'gta5_gen9'
[2026-01-30 12:39:39.489] [DISPLAY] [Main ] [cloudsaveop] Posting updated files for app 'gta5_gen9'
[2026-01-30 12:39:39.506] [DISPLAY] [Main ] [cloudsaveop] File uploading completed for app 'gta5_gen9'
[2026-01-30 12:39:39.506] [DISPLAY] [Main ] [cloudsaveop] Getting update files for app 'gta5_gen9'
[2026-01-30 12:39:39.523] [DISPLAY] [Main ] [cloudsaveop] File downloading completed for app 'gta5_gen9'
[2026-01-30 12:39:39.523] [DISPLAY] [Main ] [cloudsaveop] Deleting updated files for app 'gta5_gen9'
[2026-01-30 12:39:39.540] [DISPLAY] [Main ] [cloudsaveop] Files deletion completed for app 'gta5_gen9'
[2026-01-30 12:39:39.540] [DISPLAY] [Main ] [cloudsaveop] Swapping updated files in place for app 'gta5_gen9'
[2026-01-30 12:39:39.558] [DISPLAY] [Main ] [cloudsaveop] Finished syncing cloud saves for app 'gta5_gen9'
[2026-01-30 12:39:40.219] [DISPLAY] [30132] [launcher] Shutdown requested! Forced: false
[2026-01-30 12:39:40.220] [DISPLAY] [Main ] [launcher] StartShutdown - Now in progress
[2026-01-30 12:39:40.220] [DISPLAY] [Main ] [launcher] SHUTDOWN_REQUESTED -> SHUTDOWN_MAIN_WINDOW
[2026-01-30 12:39:40.264] [DISPLAY] [Main ] [launcher] SHUTDOWN_MAIN_WINDOW -> SHUTDOWN_STARTUP_WINDOW
[2026-01-30 12:39:40.264] [DISPLAY] [Main ] [launcher] SHUTDOWN_STARTUP_WINDOW -> SHUTDOWN_NOTIFICATION_MANAGER
[2026-01-30 12:39:40.264] [DISPLAY] [Main ] [launcher] SHUTDOWN_NOTIFICATION_MANAGER -> SHUTDOWN_GAME_LAUNCHER
[2026-01-30 12:39:40.264] [DISPLAY] [Main ] [launcher] SHUTDOWN_GAME_LAUNCHER -> SHUTDOWN_WINDOW_CONTROLLER
[2026-01-30 12:39:40.368] [DISPLAY] [Main ] [launcher] SHUTDOWN_WINDOW_CONTROLLER -> SHUTDOWN_STOP_WORKER_THREADS
[2026-01-30 12:39:40.368] [DISPLAY] [Main ] [launcher] SHUTDOWN_STOP_WORKER_THREADS -> SHUTDOWN_TITLES
[2026-01-30 12:39:40.368] [DISPLAY] [Main ] [launcher] SHUTDOWN_TITLES -> SHUTDOWN_DISK
[2026-01-30 12:39:40.368] [DISPLAY] [Main ] [launcher] SHUTDOWN_DISK -> SHUTDOWN_BACKGROUND_SERVICE
[2026-01-30 12:39:40.368] [DISPLAY] [Main ] [launcher] SHUTDOWN_BACKGROUND_SERVICE -> SHUTDOWN_TELEMETRY
[2026-01-30 12:39:40.368] [DISPLAY] [Main ] [launcher] SHUTDOWN_TELEMETRY -> SHUTDOWN_CACHED_REQUEST_MANAGER
[2026-01-30 12:39:40.368] [DISPLAY] [Main ] [launcher] SHUTDOWN_CACHED_REQUEST_MANAGER -> SHUTDOWN_SETTINGS_MANAGER
[2026-01-30 12:39:40.368] [DISPLAY] [Main ] [launcher] SHUTDOWN_SETTINGS_MANAGER -> SHUTDOWN_SDK
[2026-01-30 12:39:40.368] [DISPLAY] [Main ] [launcher] SHUTDOWN_SDK -> SHUTDOWN_PRESENCE
[2026-01-30 12:39:40.368] [DISPLAY] [Main ] [launcher] SHUTDOWN_PRESENCE -> SHUTDOWN_SUBSYSTEMS
[2026-01-30 12:39:40.368] [DISPLAY] [Main ] [launcher] SHUTDOWN_SUBSYSTEMS -> SHUTDOWN_IN_PROGRESS
[2026-01-30 12:39:40.748] [WARNING] [Main ] [worker] Not adding job (15) due to thread exiting
[2026-01-30 12:39:41.407] [DISPLAY] [Main ] [launcher] Telemetry flushed
[2026-01-30 12:39:41.407] [DISPLAY] [Main ] [launcher] Window destroyed
[2026-01-30 12:39:41.407] [DISPLAY] [Main ] [launcher] SDK ready for shutdown
[2026-01-30 12:39:41.407] [DISPLAY] [Main ] [launcher] Notifications cleared
[2026-01-30 12:39:41.407] [DISPLAY] [Main ] [launcher] No games running
[2026-01-30 12:39:41.407] [DISPLAY] [Main ] [launcher] Worker Threads shutdown
[2026-01-30 12:39:41.407] [DISPLAY] [Main ] [launcher] Title state flushed
[2026-01-30 12:39:41.407] [DISPLAY] [Main ] [launcher] Disk state flushed
[2026-01-30 12:39:41.407] [DISPLAY] [Main ] [launcher] Cached Requests cleared
[2026-01-30 12:39:41.407] [DISPLAY] [Main ] [launcher] Settings saved
[2026-01-30 12:39:41.407] [DISPLAY] [Main ] [launcher] Presence signed out
[2026-01-30 12:39:41.407] [DISPLAY] [Main ] [launcher] All subsystems have shut down
[2026-01-30 12:39:41.407] [DISPLAY] [Main ] [launcher] SHUTDOWN_IN_PROGRESS -> SHUTDOWN_COMPLETE
[2026-01-30 12:39:41.407] [DISPLAY] [Main ] [app] Application quit requested (exit code: 0)
[2026-01-30 12:39:41.407] [DISPLAY] [Main ] [launcher] SHUTDOWN_COMPLETE -> SHUTDOWN_EXITING
[2026-01-30 12:39:41.455] [DISPLAY] [Main ] [svc] Stopping the background service.
