[2026-01-20 11:13:20.201] [DISPLAY] [Main ] [fileutils] Checking version: C:\Program Files\Rockstar Games\Launcher\Launcher.exe
[2026-01-20 11:13:20.234] [DISPLAY] [Main ] [dx12] Retrieving D3D12 graphics info
[2026-01-20 11:13:20.813] [DISPLAY] [Main ] [launcher] Opening log file.
[2026-01-20 11:13:20.829] [WARNING] [Main ] [launcher] Unable to move log file, waiting and trying again...
[2026-01-20 11:13:21.330] [WARNING] [Main ] [launcher] Unable to move log file, waiting and trying again...
[2026-01-20 11:13:21.830] [WARNING] [Main ] [launcher] Couldn't move logfile C:\Users\bypau\OneDrive\Documents\Rockstar Games\Launcher\launcher.log!
[2026-01-20 11:13:21.831] [DISPLAY] [Main ] [startupinfo] Command line: "C:\Program Files\Rockstar Games\Launcher\Launcher.exe" -skipPatcherCheck -epicAppId=gta5_gen9  -AUTH_LOGIN=unused -AUTH_PASSWORD=7711d9b370c248be9955dcaff7c00f18 -AUTH_TYPE=exchangecode -epicapp=8769e24080ea413b8ebca3f1b8c50951 -epicenv=Prod -EpicPortal -epicusername="paauuferreer" -epicuserid=ef75d578b50840a8a6eba7fdce3d5ab9 -epiclocale=es-ES -epicsandboxid=b0cd075465c44f87be3b505ac04a2e46 -rlrosdomainenv=prod @args.txt
[2026-01-20 11:13:21.831] [DISPLAY] [Main ] [startupinfo] P4 Version: 
[2026-01-20 11:13:21.831] [DISPLAY] [Main ] [startupinfo] RGL Branch: release_05
[2026-01-20 11:13:21.831] [DISPLAY] [Main ] [startupinfo] Version:    1.0.105.2733
[2026-01-20 11:13:21.831] [DISPLAY] [Main ] [startupinfo] Session ID: bc892801-3fdf-11c6-82fa-c792d636959b
[2026-01-20 11:13:21.831] [DISPLAY] [Main ] [startupinfo] Name Hash:  5BDE5F56
[2026-01-20 11:13:21.831] [DISPLAY] [Main ] [startupinfo] Parameters:
[2026-01-20 11:13:21.831] [DISPLAY] [Main ] [startupinfo]     C:\Program Files\Rockstar Games\Launcher\Launcher.exe
[2026-01-20 11:13:21.831] [DISPLAY] [Main ] [startupinfo]     -skipPatcherCheck
[2026-01-20 11:13:21.831] [DISPLAY] [Main ] [startupinfo]     -epicAppId=gta5_gen9
[2026-01-20 11:13:21.831] [DISPLAY] [Main ] [startupinfo]     -AUTH_LOGIN=unused
[2026-01-20 11:13:21.831] [DISPLAY] [Main ] [startupinfo]     -AUTH_PASSWORD=7711d9b370c248be9955dcaff7c00f18
[2026-01-20 11:13:21.831] [DISPLAY] [Main ] [startupinfo]     -AUTH_TYPE=exchangecode
[2026-01-20 11:13:21.831] [DISPLAY] [Main ] [startupinfo]     -epicapp=8769e24080ea413b8ebca3f1b8c50951
[2026-01-20 11:13:21.831] [DISPLAY] [Main ] [startupinfo]     -epicenv=Prod
[2026-01-20 11:13:21.831] [DISPLAY] [Main ] [startupinfo]     -EpicPortal
[2026-01-20 11:13:21.831] [DISPLAY] [Main ] [startupinfo]     -epicusername=paauuferreer
[2026-01-20 11:13:21.831] [DISPLAY] [Main ] [startupinfo]     -epicuserid=ef75d578b50840a8a6eba7fdce3d5ab9
[2026-01-20 11:13:21.831] [DISPLAY] [Main ] [startupinfo]     -epiclocale=es-ES
[2026-01-20 11:13:21.831] [DISPLAY] [Main ] [startupinfo]     -epicsandboxid=b0cd075465c44f87be3b505ac04a2e46
[2026-01-20 11:13:21.831] [DISPLAY] [Main ] [startupinfo]     -rlrosdomainenv=prod
[2026-01-20 11:13:21.831] [DISPLAY] [Main ] [startupinfo]     @args.txt
[2026-01-20 11:13:21.831] [DISPLAY] [Main ] [startup] Initial Working Directory: C:\Program Files\Epic Games\GTAVEnhanced
[2026-01-20 11:13:21.831] [DISPLAY] [Main ] [startup] Working directory: C:\Program Files\Rockstar Games\Launcher
[2026-01-20 11:13:21.839] [DISPLAY] [Main ] [packfile] Initialize 'Launcher.rpf' - succeeded
[2026-01-20 11:13:21.840] [DISPLAY] [Main ] [localisation] Language updated to: 4
[2026-01-20 11:13:21.967] [DISPLAY] [Main ] [external] Creating epic min mode launch
[2026-01-20 11:13:21.967] [DISPLAY] [Main ] [external] Epic App Id: gta5_gen9
[2026-01-20 11:13:21.967] [DISPLAY] [Main ] [external] Epic Location: C:\Program Files\Epic Games\GTAVEnhanced
[2026-01-20 11:13:21.967] [DISPLAY] [Main ] [external] Epic Relaunch: false
[2026-01-20 11:13:22.012] [DISPLAY] [Main ] [external] Running from Epic Games Launcher.
[2026-01-20 11:13:22.015] [DISPLAY] [Main ] [metadatamanager] Read external Epic metadata: gta5_gen9
[2026-01-20 11:13:22.015] [DISPLAY] [Main ] [gamepipemtl] Forwarding commands: "C:\Program Files\Rockstar Games\Launcher\Launcher.exe" -skipPatcherCheck -epicAppId=gta5_gen9  -AUTH_LOGIN=unused -AUTH_PASSWORD=7711d9b370c248be9955dcaff7c00f18 -AUTH_TYPE=exchangecode -epicapp=8769e24080ea413b8ebca3f1b8c50951 -epicenv=Prod -EpicPortal -epicusername="paauuferreer" -epicuserid=ef75d578b50840a8a6eba7fdce3d5ab9 -epiclocale=es-ES -epicsandboxid=b0cd075465c44f87be3b505ac04a2e46 -rlrosdomainenv=prod @args.txt
[2026-01-20 11:13:22.115] [DISPLAY] [Main ] [gamepipemtl] Received command from another instance.
[2026-01-20 11:13:22.115] [DISPLAY] [Main ] [gamepipemtl] Command 12 received, 0 param(s).
[2026-01-20 11:13:52.350] [DISPLAY] [Main ] [gamepipemtl] Received command from another instance.
[2026-01-20 11:13:52.350] [DISPLAY] [Main ] [gamepipemtl] Command 12 received, 0 param(s).
[2026-01-20 11:14:22.626] [DISPLAY] [Main ] [gamepipemtl] Received command from another instance.
[2026-01-20 11:14:22.626] [DISPLAY] [Main ] [gamepipemtl] Command 12 received, 0 param(s).
[2026-01-20 11:14:52.877] [DISPLAY] [Main ] [gamepipemtl] Received command from another instance.
[2026-01-20 11:14:52.877] [DISPLAY] [Main ] [gamepipemtl] Command 12 received, 0 param(s).
[2026-01-20 11:15:23.090] [DISPLAY] [Main ] [gamepipemtl] Received command from another instance.
[2026-01-20 11:15:23.090] [DISPLAY] [Main ] [gamepipemtl] Command 12 received, 0 param(s).
[2026-01-20 11:15:53.304] [DISPLAY] [Main ] [gamepipemtl] Received command from another instance.
[2026-01-20 11:15:53.304] [DISPLAY] [Main ] [gamepipemtl] Command 12 received, 0 param(s).
[2026-01-20 11:16:23.522] [DISPLAY] [Main ] [gamepipemtl] Received command from another instance.
[2026-01-20 11:16:23.522] [DISPLAY] [Main ] [gamepipemtl] Command 12 received, 0 param(s).
[2026-01-20 11:16:53.747] [DISPLAY] [Main ] [gamepipemtl] Received command from another instance.
[2026-01-20 11:16:53.747] [DISPLAY] [Main ] [gamepipemtl] Command 12 received, 0 param(s).
[2026-01-20 11:17:23.971] [DISPLAY] [Main ] [gamepipemtl] Received command from another instance.
[2026-01-20 11:17:23.971] [DISPLAY] [Main ] [gamepipemtl] Command 12 received, 0 param(s).
[2026-01-20 11:17:54.198] [DISPLAY] [Main ] [gamepipemtl] Received command from another instance.
[2026-01-20 11:17:54.198] [DISPLAY] [Main ] [gamepipemtl] Command 12 received, 0 param(s).
[2026-01-20 11:18:24.427] [DISPLAY] [Main ] [gamepipemtl] Received command from another instance.
[2026-01-20 11:18:24.427] [DISPLAY] [Main ] [gamepipemtl] Command 12 received, 0 param(s).
[2026-01-20 11:18:54.653] [DISPLAY] [Main ] [gamepipemtl] Received command from another instance.
[2026-01-20 11:18:54.653] [DISPLAY] [Main ] [gamepipemtl] Command 12 received, 0 param(s).
[2026-01-20 11:19:24.871] [DISPLAY] [Main ] [gamepipemtl] Received command from another instance.
[2026-01-20 11:19:24.871] [DISPLAY] [Main ] [gamepipemtl] Command 12 received, 0 param(s).
[2026-01-20 11:19:55.087] [DISPLAY] [Main ] [gamepipemtl] Received command from another instance.
[2026-01-20 11:19:55.087] [DISPLAY] [Main ] [gamepipemtl] Command 12 received, 0 param(s).
[2026-01-20 11:20:25.317] [DISPLAY] [Main ] [gamepipemtl] Received command from another instance.
[2026-01-20 11:20:25.317] [DISPLAY] [Main ] [gamepipemtl] Command 12 received, 0 param(s).
[2026-01-20 11:20:55.543] [DISPLAY] [Main ] [gamepipemtl] Received command from another instance.
[2026-01-20 11:20:55.543] [DISPLAY] [Main ] [gamepipemtl] Command 12 received, 0 param(s).
[2026-01-20 11:21:25.772] [DISPLAY] [Main ] [gamepipemtl] Received command from another instance.
[2026-01-20 11:21:25.772] [DISPLAY] [Main ] [gamepipemtl] Command 12 received, 0 param(s).
[2026-01-20 11:21:55.995] [DISPLAY] [Main ] [gamepipemtl] Received command from another instance.
[2026-01-20 11:21:55.995] [DISPLAY] [Main ] [gamepipemtl] Command 12 received, 0 param(s).
[2026-01-20 11:22:26.221] [DISPLAY] [Main ] [gamepipemtl] Received command from another instance.
[2026-01-20 11:22:26.221] [DISPLAY] [Main ] [gamepipemtl] Command 12 received, 0 param(s).
[2026-01-20 11:22:56.443] [DISPLAY] [Main ] [gamepipemtl] Received command from another instance.
[2026-01-20 11:22:56.443] [DISPLAY] [Main ] [gamepipemtl] Command 12 received, 0 param(s).
[2026-01-20 11:23:26.676] [DISPLAY] [Main ] [gamepipemtl] Received command from another instance.
[2026-01-20 11:23:26.676] [DISPLAY] [Main ] [gamepipemtl] Command 12 received, 0 param(s).
[2026-01-20 11:23:56.904] [DISPLAY] [Main ] [gamepipemtl] Received command from another instance.
[2026-01-20 11:23:56.904] [DISPLAY] [Main ] [gamepipemtl] Command 12 received, 0 param(s).
[2026-01-20 11:24:27.124] [DISPLAY] [Main ] [gamepipemtl] Received command from another instance.
[2026-01-20 11:24:27.124] [DISPLAY] [Main ] [gamepipemtl] Command 12 received, 0 param(s).
[2026-01-20 11:24:57.352] [DISPLAY] [Main ] [gamepipemtl] Received command from another instance.
[2026-01-20 11:24:57.352] [DISPLAY] [Main ] [gamepipemtl] Command 12 received, 0 param(s).
[2026-01-20 11:25:27.575] [DISPLAY] [Main ] [gamepipemtl] Received command from another instance.
[2026-01-20 11:25:27.575] [DISPLAY] [Main ] [gamepipemtl] Command 12 received, 0 param(s).
[2026-01-20 11:25:57.793] [DISPLAY] [Main ] [gamepipemtl] Received command from another instance.
[2026-01-20 11:25:57.793] [DISPLAY] [Main ] [gamepipemtl] Command 12 received, 0 param(s).
[2026-01-20 11:26:28.013] [DISPLAY] [Main ] [gamepipemtl] Received command from another instance.
[2026-01-20 11:26:28.013] [DISPLAY] [Main ] [gamepipemtl] Command 12 received, 0 param(s).
[2026-01-20 11:26:58.229] [DISPLAY] [Main ] [gamepipemtl] Received command from another instance.
[2026-01-20 11:26:58.229] [DISPLAY] [Main ] [gamepipemtl] Command 12 received, 0 param(s).
[2026-01-20 11:27:28.448] [DISPLAY] [Main ] [gamepipemtl] Received command from another instance.
[2026-01-20 11:27:28.448] [DISPLAY] [Main ] [gamepipemtl] Command 12 received, 0 param(s).
[2026-01-20 11:27:58.664] [DISPLAY] [Main ] [gamepipemtl] Received command from another instance.
[2026-01-20 11:27:58.664] [DISPLAY] [Main ] [gamepipemtl] Command 12 received, 0 param(s).
[2026-01-20 11:28:28.887] [DISPLAY] [Main ] [gamepipemtl] Received command from another instance.
[2026-01-20 11:28:28.887] [DISPLAY] [Main ] [gamepipemtl] Command 12 received, 0 param(s).
[2026-01-20 11:28:59.104] [DISPLAY] [Main ] [gamepipemtl] Received command from another instance.
[2026-01-20 11:28:59.104] [DISPLAY] [Main ] [gamepipemtl] Command 12 received, 0 param(s).
[2026-01-20 11:29:29.320] [DISPLAY] [Main ] [gamepipemtl] Received command from another instance.
[2026-01-20 11:29:29.320] [DISPLAY] [Main ] [gamepipemtl] Command 12 received, 0 param(s).
[2026-01-20 11:29:59.540] [DISPLAY] [Main ] [gamepipemtl] Received command from another instance.
[2026-01-20 11:29:59.540] [DISPLAY] [Main ] [gamepipemtl] Command 12 received, 0 param(s).
[2026-01-20 11:30:29.759] [DISPLAY] [Main ] [gamepipemtl] Received command from another instance.
[2026-01-20 11:30:29.759] [DISPLAY] [Main ] [gamepipemtl] Command 12 received, 0 param(s).
[2026-01-20 11:30:59.976] [DISPLAY] [Main ] [gamepipemtl] Received command from another instance.
[2026-01-20 11:30:59.976] [DISPLAY] [Main ] [gamepipemtl] Command 12 received, 0 param(s).
[2026-01-20 11:31:30.182] [DISPLAY] [Main ] [gamepipemtl] Received command from another instance.
[2026-01-20 11:31:30.182] [DISPLAY] [Main ] [gamepipemtl] Command 12 received, 0 param(s).
[2026-01-20 11:32:00.404] [DISPLAY] [Main ] [gamepipemtl] Received command from another instance.
[2026-01-20 11:32:00.404] [DISPLAY] [Main ] [gamepipemtl] Command 12 received, 0 param(s).
[2026-01-20 11:32:30.629] [DISPLAY] [Main ] [gamepipemtl] Received command from another instance.
[2026-01-20 11:32:30.629] [DISPLAY] [Main ] [gamepipemtl] Command 12 received, 0 param(s).
[2026-01-20 11:33:00.849] [DISPLAY] [Main ] [gamepipemtl] Received command from another instance.
[2026-01-20 11:33:00.849] [DISPLAY] [Main ] [gamepipemtl] Command 12 received, 0 param(s).
[2026-01-20 11:33:31.070] [DISPLAY] [Main ] [gamepipemtl] Received command from another instance.
[2026-01-20 11:33:31.070] [DISPLAY] [Main ] [gamepipemtl] Command 12 received, 0 param(s).
[2026-01-20 11:34:01.293] [DISPLAY] [Main ] [gamepipemtl] Received command from another instance.
[2026-01-20 11:34:01.293] [DISPLAY] [Main ] [gamepipemtl] Command 12 received, 0 param(s).
[2026-01-20 11:34:31.517] [DISPLAY] [Main ] [gamepipemtl] Received command from another instance.
[2026-01-20 11:34:31.517] [DISPLAY] [Main ] [gamepipemtl] Command 12 received, 0 param(s).
[2026-01-20 11:35:01.742] [DISPLAY] [Main ] [gamepipemtl] Received command from another instance.
[2026-01-20 11:35:01.742] [DISPLAY] [Main ] [gamepipemtl] Command 12 received, 0 param(s).
[2026-01-20 11:35:31.957] [DISPLAY] [Main ] [gamepipemtl] Received command from another instance.
[2026-01-20 11:35:31.957] [DISPLAY] [Main ] [gamepipemtl] Command 12 received, 0 param(s).
[2026-01-20 11:36:02.180] [DISPLAY] [Main ] [gamepipemtl] Received command from another instance.
[2026-01-20 11:36:02.180] [DISPLAY] [Main ] [gamepipemtl] Command 12 received, 0 param(s).
[2026-01-20 11:36:32.403] [DISPLAY] [Main ] [gamepipemtl] Received command from another instance.
[2026-01-20 11:36:32.403] [DISPLAY] [Main ] [gamepipemtl] Command 12 received, 0 param(s).
[2026-01-20 11:37:02.614] [DISPLAY] [Main ] [gamepipemtl] Received command from another instance.
[2026-01-20 11:37:02.614] [DISPLAY] [Main ] [gamepipemtl] Command 12 received, 0 param(s).
[2026-01-20 11:37:32.836] [DISPLAY] [Main ] [gamepipemtl] Received command from another instance.
[2026-01-20 11:37:32.836] [DISPLAY] [Main ] [gamepipemtl] Command 12 received, 0 param(s).
[2026-01-20 11:38:03.066] [DISPLAY] [Main ] [gamepipemtl] Received command from another instance.
[2026-01-20 11:38:03.066] [DISPLAY] [Main ] [gamepipemtl] Command 12 received, 0 param(s).
[2026-01-20 11:38:33.288] [DISPLAY] [Main ] [gamepipemtl] Received command from another instance.
[2026-01-20 11:38:33.288] [DISPLAY] [Main ] [gamepipemtl] Command 12 received, 0 param(s).
[2026-01-20 11:39:03.508] [DISPLAY] [Main ] [gamepipemtl] Received command from another instance.
[2026-01-20 11:39:03.508] [DISPLAY] [Main ] [gamepipemtl] Command 12 received, 0 param(s).
[2026-01-20 11:39:33.722] [DISPLAY] [Main ] [gamepipemtl] Received command from another instance.
[2026-01-20 11:39:33.722] [DISPLAY] [Main ] [gamepipemtl] Command 12 received, 0 param(s).
[2026-01-20 11:40:03.950] [DISPLAY] [Main ] [gamepipemtl] Received command from another instance.
[2026-01-20 11:40:03.950] [DISPLAY] [Main ] [gamepipemtl] Command 12 received, 0 param(s).
[2026-01-20 11:40:34.173] [DISPLAY] [Main ] [gamepipemtl] Received command from another instance.
[2026-01-20 11:40:34.173] [DISPLAY] [Main ] [gamepipemtl] Command 12 received, 0 param(s).
[2026-01-20 11:41:04.402] [DISPLAY] [Main ] [gamepipemtl] Received command from another instance.
[2026-01-20 11:41:04.402] [DISPLAY] [Main ] [gamepipemtl] Command 12 received, 0 param(s).
[2026-01-20 11:41:34.620] [DISPLAY] [Main ] [gamepipemtl] Received command from another instance.
[2026-01-20 11:41:34.620] [DISPLAY] [Main ] [gamepipemtl] Command 12 received, 0 param(s).
[2026-01-20 11:42:04.840] [DISPLAY] [Main ] [gamepipemtl] Received command from another instance.
[2026-01-20 11:42:04.840] [DISPLAY] [Main ] [gamepipemtl] Command 12 received, 0 param(s).
[2026-01-20 11:42:35.055] [DISPLAY] [Main ] [gamepipemtl] Received command from another instance.
[2026-01-20 11:42:35.055] [DISPLAY] [Main ] [gamepipemtl] Command 12 received, 0 param(s).
[2026-01-20 11:43:05.272] [DISPLAY] [Main ] [gamepipemtl] Received command from another instance.
[2026-01-20 11:43:05.272] [DISPLAY] [Main ] [gamepipemtl] Command 12 received, 0 param(s).
[2026-01-20 11:43:35.491] [DISPLAY] [Main ] [gamepipemtl] Received command from another instance.
[2026-01-20 11:43:35.491] [DISPLAY] [Main ] [gamepipemtl] Command 12 received, 0 param(s).
[2026-01-20 11:44:05.706] [DISPLAY] [Main ] [gamepipemtl] Received command from another instance.
[2026-01-20 11:44:05.706] [DISPLAY] [Main ] [gamepipemtl] Command 12 received, 0 param(s).
[2026-01-20 11:44:35.922] [DISPLAY] [Main ] [gamepipemtl] Received command from another instance.
[2026-01-20 11:44:35.922] [DISPLAY] [Main ] [gamepipemtl] Command 12 received, 0 param(s).
[2026-01-20 11:45:06.156] [DISPLAY] [Main ] [gamepipemtl] Received command from another instance.
[2026-01-20 11:45:06.156] [DISPLAY] [Main ] [gamepipemtl] Command 12 received, 0 param(s).
[2026-01-20 11:45:36.377] [DISPLAY] [Main ] [gamepipemtl] Received command from another instance.
[2026-01-20 11:45:36.377] [DISPLAY] [Main ] [gamepipemtl] Command 12 received, 0 param(s).
[2026-01-20 11:46:06.606] [DISPLAY] [Main ] [gamepipemtl] Received command from another instance.
[2026-01-20 11:46:06.606] [DISPLAY] [Main ] [gamepipemtl] Command 12 received, 0 param(s).
[2026-01-20 11:46:36.830] [DISPLAY] [Main ] [gamepipemtl] Received command from another instance.
[2026-01-20 11:46:36.830] [DISPLAY] [Main ] [gamepipemtl] Command 12 received, 0 param(s).
[2026-01-20 11:47:07.056] [DISPLAY] [Main ] [gamepipemtl] Received command from another instance.
[2026-01-20 11:47:07.056] [DISPLAY] [Main ] [gamepipemtl] Command 12 received, 0 param(s).
[2026-01-20 11:47:37.278] [DISPLAY] [Main ] [gamepipemtl] Received command from another instance.
[2026-01-20 11:47:37.278] [DISPLAY] [Main ] [gamepipemtl] Command 12 received, 0 param(s).
[2026-01-20 11:48:07.503] [DISPLAY] [Main ] [gamepipemtl] Received command from another instance.
[2026-01-20 11:48:07.503] [DISPLAY] [Main ] [gamepipemtl] Command 12 received, 0 param(s).
[2026-01-20 11:48:37.723] [DISPLAY] [Main ] [gamepipemtl] Received command from another instance.
[2026-01-20 11:48:37.723] [DISPLAY] [Main ] [gamepipemtl] Command 12 received, 0 param(s).
[2026-01-20 11:49:07.944] [DISPLAY] [Main ] [gamepipemtl] Received command from another instance.
[2026-01-20 11:49:07.944] [DISPLAY] [Main ] [gamepipemtl] Command 12 received, 0 param(s).
[2026-01-20 11:49:38.165] [DISPLAY] [Main ] [gamepipemtl] Received command from another instance.
[2026-01-20 11:49:38.165] [DISPLAY] [Main ] [gamepipemtl] Command 12 received, 0 param(s).
[2026-01-20 11:50:08.389] [DISPLAY] [Main ] [gamepipemtl] Received command from another instance.
[2026-01-20 11:50:08.389] [DISPLAY] [Main ] [gamepipemtl] Command 12 received, 0 param(s).
[2026-01-20 11:50:38.613] [DISPLAY] [Main ] [gamepipemtl] Received command from another instance.
[2026-01-20 11:50:38.613] [DISPLAY] [Main ] [gamepipemtl] Command 12 received, 0 param(s).
[2026-01-20 11:51:08.847] [DISPLAY] [Main ] [gamepipemtl] Received command from another instance.
[2026-01-20 11:51:08.847] [DISPLAY] [Main ] [gamepipemtl] Command 12 received, 0 param(s).
[2026-01-20 11:51:39.074] [DISPLAY] [Main ] [gamepipemtl] Received command from another instance.
[2026-01-20 11:51:39.074] [DISPLAY] [Main ] [gamepipemtl] Command 12 received, 0 param(s).
[2026-01-20 11:52:09.296] [DISPLAY] [Main ] [gamepipemtl] Received command from another instance.
[2026-01-20 11:52:09.296] [DISPLAY] [Main ] [gamepipemtl] Command 12 received, 0 param(s).
[2026-01-20 11:52:39.521] [DISPLAY] [Main ] [gamepipemtl] Received command from another instance.
[2026-01-20 11:52:39.521] [DISPLAY] [Main ] [gamepipemtl] Command 12 received, 0 param(s).
[2026-01-20 11:53:09.739] [DISPLAY] [Main ] [gamepipemtl] Received command from another instance.
[2026-01-20 11:53:09.739] [DISPLAY] [Main ] [gamepipemtl] Command 12 received, 0 param(s).
[2026-01-20 11:53:39.961] [DISPLAY] [Main ] [gamepipemtl] Received command from another instance.
[2026-01-20 11:53:39.961] [DISPLAY] [Main ] [gamepipemtl] Command 12 received, 0 param(s).
[2026-01-20 11:54:10.178] [DISPLAY] [Main ] [gamepipemtl] Received command from another instance.
[2026-01-20 11:54:10.178] [DISPLAY] [Main ] [gamepipemtl] Command 12 received, 0 param(s).
[2026-01-20 11:54:40.409] [DISPLAY] [Main ] [gamepipemtl] Received command from another instance.
[2026-01-20 11:54:40.409] [DISPLAY] [Main ] [gamepipemtl] Command 12 received, 0 param(s).
[2026-01-20 11:55:10.632] [DISPLAY] [Main ] [gamepipemtl] Received command from another instance.
[2026-01-20 11:55:10.632] [DISPLAY] [Main ] [gamepipemtl] Command 12 received, 0 param(s).
[2026-01-20 11:55:40.870] [DISPLAY] [Main ] [gamepipemtl] Received command from another instance.
[2026-01-20 11:55:40.870] [DISPLAY] [Main ] [gamepipemtl] Command 12 received, 0 param(s).
[2026-01-20 11:56:11.087] [DISPLAY] [Main ] [gamepipemtl] Received command from another instance.
[2026-01-20 11:56:11.087] [DISPLAY] [Main ] [gamepipemtl] Command 12 received, 0 param(s).
[2026-01-20 11:56:41.312] [DISPLAY] [Main ] [gamepipemtl] Received command from another instance.
[2026-01-20 11:56:41.312] [DISPLAY] [Main ] [gamepipemtl] Command 12 received, 0 param(s).
[2026-01-20 11:57:11.531] [DISPLAY] [Main ] [gamepipemtl] Received command from another instance.
[2026-01-20 11:57:11.531] [DISPLAY] [Main ] [gamepipemtl] Command 12 received, 0 param(s).
[2026-01-20 11:57:41.756] [DISPLAY] [Main ] [gamepipemtl] Received command from another instance.
[2026-01-20 11:57:41.756] [DISPLAY] [Main ] [gamepipemtl] Command 12 received, 0 param(s).
[2026-01-20 11:58:11.984] [DISPLAY] [Main ] [gamepipemtl] Received command from another instance.
[2026-01-20 11:58:11.984] [DISPLAY] [Main ] [gamepipemtl] Command 12 received, 0 param(s).
[2026-01-20 11:58:42.205] [DISPLAY] [Main ] [gamepipemtl] Received command from another instance.
[2026-01-20 11:58:42.205] [DISPLAY] [Main ] [gamepipemtl] Command 12 received, 0 param(s).
[2026-01-20 11:59:12.430] [DISPLAY] [Main ] [gamepipemtl] Received command from another instance.
[2026-01-20 11:59:12.430] [DISPLAY] [Main ] [gamepipemtl] Command 12 received, 0 param(s).
[2026-01-20 11:59:42.656] [DISPLAY] [Main ] [gamepipemtl] Received command from another instance.
[2026-01-20 11:59:42.656] [DISPLAY] [Main ] [gamepipemtl] Command 12 received, 0 param(s).
[2026-01-20 12:00:12.888] [DISPLAY] [Main ] [gamepipemtl] Received command from another instance.
[2026-01-20 12:00:12.888] [DISPLAY] [Main ] [gamepipemtl] Command 12 received, 0 param(s).
[2026-01-20 12:00:43.110] [DISPLAY] [Main ] [gamepipemtl] Received command from another instance.
[2026-01-20 12:00:43.110] [DISPLAY] [Main ] [gamepipemtl] Command 12 received, 0 param(s).
[2026-01-20 12:01:13.330] [DISPLAY] [Main ] [gamepipemtl] Received command from another instance.
[2026-01-20 12:01:13.330] [DISPLAY] [Main ] [gamepipemtl] Command 12 received, 0 param(s).
[2026-01-20 12:01:43.552] [DISPLAY] [Main ] [gamepipemtl] Received command from another instance.
[2026-01-20 12:01:43.552] [DISPLAY] [Main ] [gamepipemtl] Command 12 received, 0 param(s).
[2026-01-20 12:02:13.775] [DISPLAY] [Main ] [gamepipemtl] Received command from another instance.
[2026-01-20 12:02:13.775] [DISPLAY] [Main ] [gamepipemtl] Command 12 received, 0 param(s).
[2026-01-20 12:02:44.002] [DISPLAY] [Main ] [gamepipemtl] Received command from another instance.
[2026-01-20 12:02:44.002] [DISPLAY] [Main ] [gamepipemtl] Command 12 received, 0 param(s).
[2026-01-20 12:03:14.221] [DISPLAY] [Main ] [gamepipemtl] Received command from another instance.
[2026-01-20 12:03:14.221] [DISPLAY] [Main ] [gamepipemtl] Command 12 received, 0 param(s).
[2026-01-20 12:03:44.441] [DISPLAY] [Main ] [gamepipemtl] Received command from another instance.
[2026-01-20 12:03:44.441] [DISPLAY] [Main ] [gamepipemtl] Command 12 received, 0 param(s).
[2026-01-20 12:04:14.657] [DISPLAY] [Main ] [gamepipemtl] Received command from another instance.
[2026-01-20 12:04:14.657] [DISPLAY] [Main ] [gamepipemtl] Command 12 received, 0 param(s).
[2026-01-20 12:04:44.878] [DISPLAY] [Main ] [gamepipemtl] Received command from another instance.
[2026-01-20 12:04:44.878] [DISPLAY] [Main ] [gamepipemtl] Command 12 received, 0 param(s).
[2026-01-20 12:04:45.893] [DISPLAY] [Main ] [gamepipemtl] Received command from another instance.
[2026-01-20 12:04:45.893] [DISPLAY] [Main ] [gamepipemtl] Command 13 received, 0 param(s).
[2026-01-20 12:04:45.893] [ ERROR ] [Main ] [gamepipemtl] Ignoring command due to cooldown timer.
