[2026-01-22 11:42:04.397] [DISPLAY] [Main ] [fileutils] Checking version: C:\Program Files\Rockstar Games\Launcher\Launcher.exe
[2026-01-22 11:42:04.404] [DISPLAY] [Main ] [dx12] Retrieving D3D12 graphics info
[2026-01-22 11:42:04.856] [DISPLAY] [Main ] [launcher] Opening log file.
[2026-01-22 11:42:04.865] [DISPLAY] [Main ] [startupinfo] Command line: "C:\Program Files\Rockstar Games\Launcher\Launcher.exe" -skipPatcherCheck -epicAppId=gta5_gen9  -AUTH_LOGIN=unused -AUTH_PASSWORD=a4becfe7281b41ddbe416232f0ea3934 -AUTH_TYPE=exchangecode -epicapp=8769e24080ea413b8ebca3f1b8c50951 -epicenv=Prod -EpicPortal -epicusername="paauuferreer" -epicuserid=ef75d578b50840a8a6eba7fdce3d5ab9 -epiclocale=es-ES -epicsandboxid=b0cd075465c44f87be3b505ac04a2e46 -rlrosdomainenv=prod @args.txt
[2026-01-22 11:42:04.865] [DISPLAY] [Main ] [startupinfo] P4 Version: 
[2026-01-22 11:42:04.865] [DISPLAY] [Main ] [startupinfo] RGL Branch: release_05
[2026-01-22 11:42:04.865] [DISPLAY] [Main ] [startupinfo] Version:    1.0.105.2733
[2026-01-22 11:42:04.865] [DISPLAY] [Main ] [startupinfo] Session ID: c5d32801-12b2-1227-92c9-5f7035213dbe
[2026-01-22 11:42:04.865] [DISPLAY] [Main ] [startupinfo] Name Hash:  5BDE5F56
[2026-01-22 11:42:04.865] [DISPLAY] [Main ] [startupinfo] Parameters:
[2026-01-22 11:42:04.865] [DISPLAY] [Main ] [startupinfo]     C:\Program Files\Rockstar Games\Launcher\Launcher.exe
[2026-01-22 11:42:04.865] [DISPLAY] [Main ] [startupinfo]     -skipPatcherCheck
[2026-01-22 11:42:04.865] [DISPLAY] [Main ] [startupinfo]     -epicAppId=gta5_gen9
[2026-01-22 11:42:04.865] [DISPLAY] [Main ] [startupinfo]     -AUTH_LOGIN=unused
[2026-01-22 11:42:04.865] [DISPLAY] [Main ] [startupinfo]     -AUTH_PASSWORD=a4becfe7281b41ddbe416232f0ea3934
[2026-01-22 11:42:04.865] [DISPLAY] [Main ] [startupinfo]     -AUTH_TYPE=exchangecode
[2026-01-22 11:42:04.865] [DISPLAY] [Main ] [startupinfo]     -epicapp=8769e24080ea413b8ebca3f1b8c50951
[2026-01-22 11:42:04.865] [DISPLAY] [Main ] [startupinfo]     -epicenv=Prod
[2026-01-22 11:42:04.865] [DISPLAY] [Main ] [startupinfo]     -EpicPortal
[2026-01-22 11:42:04.865] [DISPLAY] [Main ] [startupinfo]     -epicusername=paauuferreer
[2026-01-22 11:42:04.865] [DISPLAY] [Main ] [startupinfo]     -epicuserid=ef75d578b50840a8a6eba7fdce3d5ab9
[2026-01-22 11:42:04.865] [DISPLAY] [Main ] [startupinfo]     -epiclocale=es-ES
[2026-01-22 11:42:04.865] [DISPLAY] [Main ] [startupinfo]     -epicsandboxid=b0cd075465c44f87be3b505ac04a2e46
[2026-01-22 11:42:04.865] [DISPLAY] [Main ] [startupinfo]     -rlrosdomainenv=prod
[2026-01-22 11:42:04.865] [DISPLAY] [Main ] [startupinfo]     @args.txt
[2026-01-22 11:42:04.866] [DISPLAY] [Main ] [startup] Initial Working Directory: C:\Program Files\Epic Games\GTAVEnhanced
[2026-01-22 11:42:04.866] [DISPLAY] [Main ] [startup] Working directory: C:\Program Files\Rockstar Games\Launcher
[2026-01-22 11:42:04.876] [DISPLAY] [Main ] [packfile] Initialize 'Launcher.rpf' - succeeded
[2026-01-22 11:42:04.876] [DISPLAY] [Main ] [localisation] Language updated to: 4
[2026-01-22 11:42:05.020] [DISPLAY] [Main ] [external] Creating epic min mode launch
[2026-01-22 11:42:05.020] [DISPLAY] [Main ] [external] Epic App Id: gta5_gen9
[2026-01-22 11:42:05.020] [DISPLAY] [Main ] [external] Epic Location: C:\Program Files\Epic Games\GTAVEnhanced
[2026-01-22 11:42:05.020] [DISPLAY] [Main ] [external] Epic Relaunch: false
[2026-01-22 11:42:05.087] [DISPLAY] [Main ] [external] Running from Epic Games Launcher.
[2026-01-22 11:42:05.090] [DISPLAY] [Main ] [metadatamanager] Read external Epic metadata: gta5_gen9
[2026-01-22 11:42:05.090] [DISPLAY] [Main ] [environment] SetEnvironment: prod
[2026-01-22 11:42:05.097] [ ERROR ] [Main ] [fileutils] Failed to delete directory: C:\Users\bypau\OneDrive\Documents\Rockstar Games\GTAV Enhanced\User Music
[2026-01-22 11:42:05.100] [DISPLAY] [Main ] [subsystem] Init phase 1
[2026-01-22 11:42:05.101] [DISPLAY] [Main ] [fileutils] Checking version: C:\Program Files\Rockstar Games\Launcher\RockstarService.exe
[2026-01-22 11:42:05.102] [DISPLAY] [Main ] [svc] Service version: 1.0.105.2733 (1.0.105.2733)
[2026-01-22 11:42:05.102] [DISPLAY] [Main ] [svc] Starting service (attempt 1 / 3)...
[2026-01-22 11:42:05.115] [DISPLAY] [Main ] [titlestorage] Installed titles:
[2026-01-22 11:42:05.115] [DISPLAY] [Main ] [titlestorage]  Title                             Progress               Version              Location                                                    
[2026-01-22 11:42:05.143] [DISPLAY] [Main ] [fileutils] Checking version: C:\Program Files\Rockstar Games\Social Club\socialclub.dll
[2026-01-22 11:42:05.148] [DISPLAY] [Main ] [subsystem] Initializing group 0...
[2026-01-22 11:42:05.148] [DISPLAY] [Main ] [subsystem] Init phase 2
[2026-01-22 11:42:05.148] [DISPLAY] [Main ] [subsystem] Starting systems...
[2026-01-22 11:42:05.148] [DISPLAY] [Main ] [minmode] Overriding language from external game launch: es-ES
[2026-01-22 11:42:05.148] [DISPLAY] [Main ] [localisation] Language updated to: 4
[2026-01-22 11:42:05.149] [DISPLAY] [Main ] [subsystem] Starting diag...
[2026-01-22 11:42:05.149] [DISPLAY] [Main ] [fileutils] Checking local versions...
[2026-01-22 11:42:05.149] [DISPLAY] [Main ] [fileutils] Checking version: C:\Program Files\Rockstar Games\Social Club\socialclub.dll
[2026-01-22 11:42:05.150] [DISPLAY] [Main ] [fileutils] Checking RGL version...
[2026-01-22 11:42:05.150] [DISPLAY] [Main ] [fileutils] Version: 2.4.0.146 | 1.0.105.2733 | FFP
[2026-01-22 11:42:05.150] [DISPLAY] [Main ] [subsystem] Starting net...
[2026-01-22 11:42:05.164] [DISPLAY] [Main ] [subsystem] Assigning pools...
[2026-01-22 11:42:05.164] [DISPLAY] [Main ] [subsystem] Initializing engine...
[2026-01-22 11:42:05.164] [DISPLAY] [Main ] [subsystem] Initializing group 1...
[2026-01-22 11:42:05.211] [DISPLAY] [Workr] [selfupdate] Up-to-date.
[2026-01-22 11:42:05.533] [DISPLAY] [bgsvc] [svc] Received response from service.
[2026-01-22 11:42:05.930] [DISPLAY] [Main ] [systemtray] System tray: enabled
[2026-01-22 11:42:05.948] [DISPLAY] [Main ] [launcher] Passed check: majorVersion(10.0.26200) >= 10
[2026-01-22 11:42:05.993] [WARNING] [Main ] [svc_block] SharedMem::Allocate failed to allocate 260 bytes.  Free: 2097152, total: 2097152, download mem mapped: false
[2026-01-22 11:42:05.993] [ ERROR ] [Main ] [svc_chunk] Unable to serialize folders to fix!
[2026-01-22 11:42:06.025] [DISPLAY] [Workr] [marketing_promo] No promotion manifest in memory, refreshing from cloud.
[2026-01-22 11:42:06.025] [DISPLAY] [Workr] [marketing_promo] Requesting new manifest
[2026-01-22 11:42:06.025] [DISPLAY] [Workr] [titlemanager] Downloading title list...
[2026-01-22 11:42:06.025] [DISPLAY] [Workr] [titlemanager] Downloading default title list (SCS)...
[2026-01-22 11:42:06.025] [DISPLAY] [Workr] [idownloader] Starting download of 'https://rgl-prod.ros.rockstargames.com/launcher/11/LauncherServices/App.asmx/GetDefaultApps?accessToken='
[2026-01-22 11:42:06.658] [DISPLAY] [Workr] [idownloader] Completed download of 'https://rgl-prod.ros.rockstargames.com/launcher/11/LauncherServices/App.asmx/GetDefaultApps?accessToken=' (status: 0/200)
[2026-01-22 11:42:06.658] [DISPLAY] [Workr] [services] Obtained NA-BAT
[2026-01-22 11:42:06.658] [DISPLAY] [Workr] [services] Parsed response from GetDefaultApps: 1 title(s), 1 branch(es)
[2026-01-22 11:42:06.658] [DISPLAY] [Workr] [titlemanager] Retrieved default title: launcher
[2026-01-22 11:42:06.658] [DISPLAY] [Workr] [titlemanager] Launcher tokens: BAT: false, NA-BAT: true
[2026-01-22 11:42:06.658] [DISPLAY] [Workr] [titlemanager] Title list updated.
[2026-01-22 11:42:06.658] [DISPLAY] [Workr] [launcher] Checking for self-update...
[2026-01-22 11:42:06.680] [DISPLAY] [Workr] [mergedmanifest] Using regular build for launcher
[2026-01-22 11:42:06.680] [DISPLAY] [Workr] [titleupdater] Doing chunk checks for launcher...
[2026-01-22 11:42:06.875] [DISPLAY] [Workr] [titleupdater] Checked 60 chunk(s), 0 were empty, skipped 0 chunk(s) and 0 file(s)
[2026-01-22 11:42:06.875] [DISPLAY] [Workr] [statuschecker] Title Rockstar Games Launcher: No update
[2026-01-22 11:42:06.875] [DISPLAY] [Workr] [selfupdate] Updating launcher...
[2026-01-22 11:42:06.875] [DISPLAY] [Workr] [selfupdate] Branch 4, build 1139: Has NA-BAT
[2026-01-22 11:42:06.891] [DISPLAY] [Workr] [titleupdater] Installing prerequisites for title launcher
[2026-01-22 11:42:06.892] [DISPLAY] [Workr] [fileutils] Checking version: C:\Program Files\Rockstar Games\Launcher\Redistributables\SocialClub\Social-Club-Setup.exe
[2026-01-22 11:42:06.896] [DISPLAY] [Workr] [preqmanager] Installer version: 2.4.0.146
[2026-01-22 11:42:06.896] [DISPLAY] [Workr] [preqmanager] About to launch process: C:\Program Files\Rockstar Games\Launcher\Redistributables\SocialClub\Social-Club-Setup.exe (with commandline: /silent /forceinstall)
[2026-01-22 11:42:17.030] [DISPLAY] [Workr] [fileutils] Checking version: C:\Program Files\Rockstar Games\Launcher\Launcher.exe
[2026-01-22 11:42:17.030] [DISPLAY] [Workr] [title] Current version for title [pv] Rockstar Games Launcher : 1.0.105.2733
[2026-01-22 11:42:17.033] [DISPLAY] [Workr] [titleupdater] Rockstar Games Launcher is up-to-date.
[2026-01-22 11:42:17.034] [DISPLAY] [Workr] [launcher] No self-update, continuing.
[2026-01-22 11:42:17.053] [DISPLAY] [Workr] [launcher] Checking for prerequisite updates...
[2026-01-22 11:42:17.053] [DISPLAY] [Workr] [fileutils] Checking version: C:\Program Files\Rockstar Games\Social Club\socialclub.dll
[2026-01-22 11:42:17.143] [DISPLAY] [Workr] [fileutils] Checking version: C:\Program Files\Rockstar Games\Launcher\Redistributables\SocialClub\Social-Club-Setup.exe
[2026-01-22 11:42:17.143] [DISPLAY] [Workr] [preqmanager] The Social Club version available matches that currently installed (both: 2.4.0.146)
[2026-01-22 11:42:17.143] [DISPLAY] [Workr] [titleupdater] No prerequisites to install.
[2026-01-22 11:42:17.143] [DISPLAY] [Workr] [launcher] Checking minimum SDK requirement
[2026-01-22 11:42:17.143] [DISPLAY] [Workr] [fileutils] Checking version: C:\Program Files\Rockstar Games\Social Club\socialclub.dll
[2026-01-22 11:42:17.229] [DISPLAY] [Workr] [launcher] Completed Pre-initialization tasks
[2026-01-22 11:42:17.245] [DISPLAY] [Main ] [subsystem] Init phase 3
[2026-01-22 11:42:17.245] [DISPLAY] [Main ] [subsystem] RGL Offline Assets path: C:\Program Files\Rockstar Games\Launcher\offline.pak
[2026-01-22 11:42:17.245] [DISPLAY] [Main ] [subsystem] Intializing connection manager.
[2026-01-22 11:42:17.245] [DISPLAY] [Main ] [subsystem] Initializing RAGE networking.
[2026-01-22 11:42:17.781] [DISPLAY] [Main ] [subsystem] Initializing group 2...
[2026-01-22 11:42:18.102] [DISPLAY] [Workr] [dx12] Retrieving D3D12 graphics info
[2026-01-22 11:42:18.620] [DISPLAY] [Workr] [sysinfo] System Configuration: 
 CPU Info:
  ID: AMD64 Family 25 Model 68 Stepping 1
  Name: AMD Ryzen 7 7735HS with Radeon Graphics        
  Clock Speed: 3.19 GHZ
  Physical Cores: 8
  Logical Cores: 16
  SSE 4.1: enabled
  SSE 4.2: enabled

 Disk 0 (C:\)
  Disk Type: NVMe
  Bytes Free: 623770005504
  Bytes Total: 1023306362880

Memory Info:
 17179869184 B
 16 GB

 GPU 0
  Description: NVIDIA GeForce RTX 4050 Laptop GPU
  Capacity (Bytes): 6208618496
  Display Capacity: 6.0 GB

 GPU 1
  Description: AMD Radeon(TM) Graphics
  Capacity (Bytes): 506949632
  Display Capacity: 0.5 GB
[2026-01-22 11:42:18.622] [DISPLAY] [Workr] [idownloader] Starting download of 'https://gamedownloads-rockstargames-com.akamaized.net/public/marketing.json'
[2026-01-22 11:42:19.233] [DISPLAY] [Workr] [idownloader] Completed download of 'https://gamedownloads-rockstargames-com.akamaized.net/public/marketing.json' (status: 0/200)
[2026-01-22 11:42:19.376] [DISPLAY] [Workr] [fileutils] Could not enumerate files in folder 'C:\Users\bypau\AppData\Local\Rockstar Games\Launcher\IconCache', path not found.
[2026-01-22 11:42:20.860] [DISPLAY] [Main ] [sysinfo] Identified device Type: 0
[2026-01-22 11:42:21.045] [DISPLAY] [Main ] [launcher] Social Club UI has started.
[2026-01-22 11:42:21.045] [DISPLAY] [Main ] [fileutils] Checking version: C:\Program Files\Rockstar Games\Social Club\socialclub.dll
[2026-01-22 11:42:21.046] [DISPLAY] [Admin] [external] Setting up epic title: gta5_gen9
[2026-01-22 11:42:21.240] [DISPLAY] [Main ] [launcher] Time to start up: 16869 ms
[2026-01-22 11:42:21.249] [DISPLAY] [Main ] [systemtray] System tray: enabled
[2026-01-22 11:42:21.283] [DISPLAY] [Main ] [ui_window_controller] UiWindowController::SetContext: Invalid -> Auth
[2026-01-22 11:42:21.283] [DISPLAY] [Main ] [ui_window_controller] UiWindowController::SetState: Invalid -> WaitForBrowser
[2026-01-22 11:42:21.284] [DISPLAY] [Main ] [ui_window_controller] UiWindowController::SetState: WaitForBrowser -> WaitForWindow
[2026-01-22 11:42:22.750] [DISPLAY] [Main ] [launcher] OnEpicEvent :: 0 received
[2026-01-22 11:42:22.837] [DISPLAY] [Admin] [metadatamanager] Read external Epic metadata: gta5_gen9
[2026-01-22 11:42:23.156] [DISPLAY] [Admin] [external] Epic ownership request indicated valid entitlement of at least once audience
[2026-01-22 11:42:23.160] [DISPLAY] [Admin] [external] Successfully setup title
[2026-01-22 11:42:23.160] [DISPLAY] [Main ] [external] Client is ready to attempt a launch.
[2026-01-22 11:42:26.013] [DISPLAY] [Main ] [ui_window_controller] UiWindowController::SetState: WaitForWindow -> Active
[2026-01-22 11:42:28.215] [DISPLAY] [Main ] [ui_window_controller] UiWindowController::SetState: Active -> WaitForBrowser
[2026-01-22 11:42:28.215] [DISPLAY] [Main ] [ui_window_controller] UiWindowController::SetState: WaitForBrowser -> WaitForWindow
[2026-01-22 11:42:28.215] [DISPLAY] [Main ] [ui_window_controller] UiWindowController::SetState: WaitForWindow -> Active
[2026-01-22 11:43:00.648] [DISPLAY] [Main ] [ui_window_controller] UiWindowController::SetContext: Auth -> MainWindow
[2026-01-22 11:43:00.648] [DISPLAY] [Main ] [ui_window_controller] UiWindowController::SetState: Active -> WaitForBrowser
[2026-01-22 11:43:00.655] [DISPLAY] [Main ] [ui_mainwindow] Using DPI 96,96
[2026-01-22 11:43:00.655] [DISPLAY] [Main ] [ui_mainwindow] Using UI Scale: 1.00
[2026-01-22 11:43:00.655] [DISPLAY] [Main ] [ui_mainwindow] Using saved geometry: 163,138 (1594 x 746)
[2026-01-22 11:43:00.699] [DISPLAY] [Main ] [launcher] Presence Event - Signed In
[2026-01-22 11:43:00.699] [DISPLAY] [Main ] [launcher] User 'Dozuyl' is now signed in
[2026-01-22 11:43:00.751] [DISPLAY] [Main ] [launcher] Presence Event :: Went Online
[2026-01-22 11:43:00.751] [DISPLAY] [Admin] [titlemanager] Downloading title list...
[2026-01-22 11:43:00.752] [DISPLAY] [Main ] [ui_window_controller] UiWindowController::SetState: WaitForBrowser -> WaitForWindow
[2026-01-22 11:43:00.752] [DISPLAY] [Main ] [ui_window_controller] UiWindowController::SetState: WaitForWindow -> Active
[2026-01-22 11:43:00.776] [DISPLAY] [Admin] [titlemanager] Downloading title list (SCS)...
[2026-01-22 11:43:01.098] [DISPLAY] [Main ] [external] Attempting external title launch...
[2026-01-22 11:43:01.098] [DISPLAY] [Main ] [gamelaunch] Begin game launch: gta5_gen9
[2026-01-22 11:43:01.098] [DISPLAY] [Main ] [gamelaunch] Flags: 67
[2026-01-22 11:43:01.098] [DISPLAY] [Main ] [gamelaunch] Path: C:\Program Files\Epic Games\GTAVEnhanced
[2026-01-22 11:43:01.125] [DISPLAY] [Main ] [telemetrymanager] Secondary platform is set to: 9
[2026-01-22 11:43:01.126] [DISPLAY] [Main ] [scuicallbacks] Enabling Downloading
[2026-01-22 11:43:01.131] [DISPLAY] [23832] [gamelaunch] Launch Folder: C:\Program Files\Epic Games\GTAVEnhanced
[2026-01-22 11:43:01.131] [DISPLAY] [23832] [gamelaunch] Launch Path: C:\Program Files\Epic Games\GTAVEnhanced\GTA5_Enhanced.exe
[2026-01-22 11:43:01.160] [DISPLAY] [Main ] [launcher] Friend Event - Friends are Available
[2026-01-22 11:43:01.281] [DISPLAY] [Main ] [scuicallbacks] Setting updated by frontend
[2026-01-22 11:43:01.298] [DISPLAY] [Main ] [scuicallbacks] Launch requested by user: gta5_gen9, default
[2026-01-22 11:43:01.298] [WARNING] [Main ] [scuicallbacks] Second external launch requested from SCUI. Discarding (Requested: gta5_gen9, Existing: gta5_gen9)
[2026-01-22 11:43:01.435] [DISPLAY] [23832] [fileutils] Checking version: C:\Program Files\Epic Games\GTAVEnhanced\GTA5_Enhanced.exe
[2026-01-22 11:43:01.444] [DISPLAY] [23832] [gamelaunch] RGL is up to date (current: 1.0.105.2733, minimum: 1.0.101.2370)
[2026-01-22 11:43:01.444] [DISPLAY] [23832] [fileutils] Checking version: C:\Program Files\Epic Games\GTAVEnhanced\GTA5_Enhanced.exe
[2026-01-22 11:43:01.445] [DISPLAY] [23832] [gamelaunch] Grand Theft Auto V Enhanced is up to date (current: 1.0.1013.20, minimum: 1.0.812.5)
[2026-01-22 11:43:01.445] [DISPLAY] [23832] [fileutils] Checking version: C:\Program Files\Rockstar Games\Social Club\socialclub.dll
[2026-01-22 11:43:03.051] [DISPLAY] [Main ] [services] Parsed response from GetApps: 22 title(s), 1 branch(es)
[2026-01-22 11:43:03.081] [DISPLAY] [Admin] [titlemanager] Title list updated.
[2026-01-22 11:43:04.351] [DISPLAY] [Admin] [titlemanager] Downloading title list...
[2026-01-22 11:43:04.351] [DISPLAY] [Admin] [titlemanager] Downloading title list (SCS)...
[2026-01-22 11:43:10.533] [DISPLAY] [Main ] [services] Parsed response from GetApps: 22 title(s), 1 branch(es)
[2026-01-22 11:43:10.548] [DISPLAY] [Admin] [titlemanager] Title list updated.
[2026-01-22 11:43:13.187] [DISPLAY] [Main ] [cloudsaveop] Cloud Save sync requested for app 'gta5_gen9'
[2026-01-22 11:43:13.204] [DISPLAY] [Main ] [cloudsaveop] Starting cloud save enabled check for app 'gta5_gen9'
[2026-01-22 11:43:13.208] [DISPLAY] [Main ] [cloudsaveop] Received cloud saves enabled state for app 'gta5_gen9' = enabled
[2026-01-22 11:43:13.208] [DISPLAY] [Main ] [cloudsaveop] Identifying potential cloud save conflicts for app 'gta5_gen9'
[2026-01-22 11:43:14.020] [DISPLAY] [Main ] [cloudsaveop] Received modification list of cloud save files for title 'gta5_gen9'
[2026-01-22 11:43:14.020] [DISPLAY] [Main ] [cloudsaveop] Retrieving conflict metadata for app 'gta5_gen9'
[2026-01-22 11:43:14.037] [DISPLAY] [Main ] [cloudsaveop] Downloaded conflict metadata for app 'gta5_gen9'
[2026-01-22 11:43:14.037] [DISPLAY] [Main ] [cloudsaveop] Posting updated files for app 'gta5_gen9'
[2026-01-22 11:43:14.054] [DISPLAY] [Main ] [cloudsaveop] File uploading completed for app 'gta5_gen9'
[2026-01-22 11:43:14.054] [DISPLAY] [Main ] [cloudsaveop] Getting update files for app 'gta5_gen9'
[2026-01-22 11:43:14.071] [DISPLAY] [Main ] [cloudsaveop] File downloading completed for app 'gta5_gen9'
[2026-01-22 11:43:14.071] [DISPLAY] [Main ] [cloudsaveop] Deleting updated files for app 'gta5_gen9'
[2026-01-22 11:43:14.088] [DISPLAY] [Main ] [cloudsaveop] Files deletion completed for app 'gta5_gen9'
[2026-01-22 11:43:14.088] [DISPLAY] [Main ] [cloudsaveop] Swapping updated files in place for app 'gta5_gen9'
[2026-01-22 11:43:14.106] [DISPLAY] [Main ] [cloudsaveop] Finished syncing cloud saves for app 'gta5_gen9'
[2026-01-22 11:43:14.945] [DISPLAY] [net3 ] [audio] Valid Audio Device: true
[2026-01-22 11:43:17.421] [DISPLAY] [23832] [gamelaunch] Launching game...
[2026-01-22 11:43:17.421] [DISPLAY] [23832] [gamelaunch]  Path: C:\Program Files\Epic Games\GTAVEnhanced\GTA5_Enhanced_BE.exe
[2026-01-22 11:43:17.421] [DISPLAY] [23832] [gamelaunch]  Command Line: "C:\Program Files\Epic Games\GTAVEnhanced\GTA5_Enhanced_BE.exe" -skipPatcherCheck -epicAppId=gta5_gen9 -AUTH_LOGIN=unused -AUTH_PASSWORD=a4becfe7281b41ddbe416232f0ea3934 -AUTH_TYPE=exchangecode -epicapp=8769e24080ea413b8ebca3f1b8c50951 -epicenv=Prod -EpicPortal -epicusername=paauuferreer -epicuserid=ef75d578b50840a8a6eba7fdce3d5ab9 -epiclocale=es-ES -epicsandboxid=b0cd075465c44f87be3b505ac04a2e46 -rlrosdomainenv=prod @args.txt -enableCrashpad -useEpic -scCommerceProvider=4 @commandline.txt -fromRGL -scDiscordClientId=1329870933695135785 -rglLanguage=es-ES
[2026-01-22 11:43:17.421] [DISPLAY] [23832] [gamelaunch]  Working Directory: C:\Program Files\Epic Games\GTAVEnhanced
[2026-01-22 11:43:40.725] [DISPLAY] [Main ] [scuicallbacks] Minimize requested
[2026-01-22 11:43:46.423] [DISPLAY] [Main ] [scuicallbacks] Minimize requested
[2026-01-22 11:44:22.763] [DISPLAY] [Main ] [launcher] OnEpicEvent :: 0 received
[2026-01-22 12:21:42.806] [DISPLAY] [Main ] [scuicallbacks] Windows session event: lock
[2026-01-22 12:21:46.816] [DISPLAY] [Main ] [scuicallbacks] Windows session event: unlock
[2026-01-22 12:21:50.401] [DISPLAY] [Main ] [systemtray] System tray: enabled
[2026-01-22 12:42:06.086] [DISPLAY] [http1] [idownloader] Starting download of 'https://gamedownloads-rockstargames-com.akamaized.net/public/launcher_online_config.xml'
[2026-01-22 12:42:06.397] [DISPLAY] [http1] [idownloader] Completed download of 'https://gamedownloads-rockstargames-com.akamaized.net/public/launcher_online_config.xml' (status: 0/200)
[2026-01-22 13:05:46.966] [DISPLAY] [23832] [gamelaunch] Game exited with code 0x0 (0)
[2026-01-22 13:05:47.102] [DISPLAY] [23832] [crashdetection] Game left no exit file.
[2026-01-22 13:05:47.102] [DISPLAY] [23832] [crashdetection] Exit code 0x0 indicates a clean game shutdown
[2026-01-22 13:05:47.191] [DISPLAY] [Main ] [cloudsaveop] Cloud Save sync requested for app 'gta5_gen9'
[2026-01-22 13:05:47.208] [DISPLAY] [Main ] [cloudsaveop] Starting cloud save enabled check for app 'gta5_gen9'
[2026-01-22 13:05:47.214] [DISPLAY] [Main ] [cloudsaveop] Received cloud saves enabled state for app 'gta5_gen9' = enabled
[2026-01-22 13:05:47.214] [DISPLAY] [Main ] [cloudsaveop] Title access token was missing or expired, refreshing access for title 'gta5_gen9'
[2026-01-22 13:05:47.216] [DISPLAY] [Main ] [cloudsaveop] Retrieving access token for title 'gta5_gen9' (11)
[2026-01-22 13:05:47.927] [DISPLAY] [Main ] [cloudsaveop] Identifying potential cloud save conflicts for app 'gta5_gen9'
[2026-01-22 13:05:48.700] [DISPLAY] [Main ] [cloudsaveop] Received modification list of cloud save files for title 'gta5_gen9'
[2026-01-22 13:05:48.700] [DISPLAY] [Main ] [cloudsaveop] Retrieving conflict metadata for app 'gta5_gen9'
[2026-01-22 13:05:48.717] [DISPLAY] [Main ] [cloudsaveop] Downloaded conflict metadata for app 'gta5_gen9'
[2026-01-22 13:05:48.717] [DISPLAY] [Main ] [cloudsaveop] Posting updated files for app 'gta5_gen9'
[2026-01-22 13:05:48.734] [DISPLAY] [Main ] [cloudsaveop] File uploading completed for app 'gta5_gen9'
[2026-01-22 13:05:48.734] [DISPLAY] [Main ] [cloudsaveop] Getting update files for app 'gta5_gen9'
[2026-01-22 13:05:48.751] [DISPLAY] [Main ] [cloudsaveop] File downloading completed for app 'gta5_gen9'
[2026-01-22 13:05:48.751] [DISPLAY] [Main ] [cloudsaveop] Deleting updated files for app 'gta5_gen9'
[2026-01-22 13:05:48.767] [DISPLAY] [Main ] [cloudsaveop] Files deletion completed for app 'gta5_gen9'
[2026-01-22 13:05:48.767] [DISPLAY] [Main ] [cloudsaveop] Swapping updated files in place for app 'gta5_gen9'
[2026-01-22 13:05:48.786] [DISPLAY] [Main ] [cloudsaveop] Finished syncing cloud saves for app 'gta5_gen9'
[2026-01-22 13:05:49.485] [DISPLAY] [23832] [launcher] Shutdown requested! Forced: false
[2026-01-22 13:05:49.504] [DISPLAY] [Main ] [launcher] StartShutdown - Now in progress
[2026-01-22 13:05:49.504] [DISPLAY] [Main ] [launcher] SHUTDOWN_REQUESTED -> SHUTDOWN_MAIN_WINDOW
[2026-01-22 13:05:49.535] [DISPLAY] [Main ] [launcher] SHUTDOWN_MAIN_WINDOW -> SHUTDOWN_STARTUP_WINDOW
[2026-01-22 13:05:49.537] [DISPLAY] [Main ] [launcher] SHUTDOWN_STARTUP_WINDOW -> SHUTDOWN_NOTIFICATION_MANAGER
[2026-01-22 13:05:49.537] [DISPLAY] [Main ] [launcher] SHUTDOWN_NOTIFICATION_MANAGER -> SHUTDOWN_GAME_LAUNCHER
[2026-01-22 13:05:49.537] [DISPLAY] [Main ] [launcher] SHUTDOWN_GAME_LAUNCHER -> SHUTDOWN_WINDOW_CONTROLLER
[2026-01-22 13:05:49.651] [DISPLAY] [Main ] [launcher] SHUTDOWN_WINDOW_CONTROLLER -> SHUTDOWN_STOP_WORKER_THREADS
[2026-01-22 13:05:49.651] [DISPLAY] [Main ] [launcher] SHUTDOWN_STOP_WORKER_THREADS -> SHUTDOWN_TITLES
[2026-01-22 13:05:49.651] [DISPLAY] [Main ] [launcher] SHUTDOWN_TITLES -> SHUTDOWN_DISK
[2026-01-22 13:05:49.651] [DISPLAY] [Main ] [launcher] SHUTDOWN_DISK -> SHUTDOWN_BACKGROUND_SERVICE
[2026-01-22 13:05:49.651] [DISPLAY] [Main ] [launcher] SHUTDOWN_BACKGROUND_SERVICE -> SHUTDOWN_TELEMETRY
[2026-01-22 13:05:49.652] [DISPLAY] [Main ] [launcher] SHUTDOWN_TELEMETRY -> SHUTDOWN_CACHED_REQUEST_MANAGER
[2026-01-22 13:05:49.652] [DISPLAY] [Main ] [launcher] SHUTDOWN_CACHED_REQUEST_MANAGER -> SHUTDOWN_SETTINGS_MANAGER
[2026-01-22 13:05:49.652] [DISPLAY] [Main ] [launcher] SHUTDOWN_SETTINGS_MANAGER -> SHUTDOWN_SDK
[2026-01-22 13:05:49.653] [DISPLAY] [Main ] [launcher] SHUTDOWN_SDK -> SHUTDOWN_PRESENCE
[2026-01-22 13:05:49.653] [DISPLAY] [Main ] [launcher] SHUTDOWN_PRESENCE -> SHUTDOWN_SUBSYSTEMS
[2026-01-22 13:05:49.653] [DISPLAY] [Main ] [launcher] SHUTDOWN_SUBSYSTEMS -> SHUTDOWN_IN_PROGRESS
[2026-01-22 13:05:50.898] [DISPLAY] [Main ] [launcher] Telemetry flushed
[2026-01-22 13:05:50.898] [DISPLAY] [Main ] [launcher] Window destroyed
[2026-01-22 13:05:50.898] [DISPLAY] [Main ] [launcher] SDK ready for shutdown
[2026-01-22 13:05:50.898] [DISPLAY] [Main ] [launcher] Notifications cleared
[2026-01-22 13:05:50.898] [DISPLAY] [Main ] [launcher] No games running
[2026-01-22 13:05:50.898] [DISPLAY] [Main ] [launcher] Worker Threads shutdown
[2026-01-22 13:05:50.898] [DISPLAY] [Main ] [launcher] Title state flushed
[2026-01-22 13:05:50.898] [DISPLAY] [Main ] [launcher] Disk state flushed
[2026-01-22 13:05:50.898] [DISPLAY] [Main ] [launcher] Cached Requests cleared
[2026-01-22 13:05:50.898] [DISPLAY] [Main ] [launcher] Settings saved
[2026-01-22 13:05:50.898] [DISPLAY] [Main ] [launcher] Presence signed out
[2026-01-22 13:05:50.898] [DISPLAY] [Main ] [launcher] All subsystems have shut down
[2026-01-22 13:05:50.898] [DISPLAY] [Main ] [launcher] SHUTDOWN_IN_PROGRESS -> SHUTDOWN_COMPLETE
[2026-01-22 13:05:50.898] [DISPLAY] [Main ] [app] Application quit requested (exit code: 0)
[2026-01-22 13:05:50.898] [DISPLAY] [Main ] [launcher] SHUTDOWN_COMPLETE -> SHUTDOWN_EXITING
[2026-01-22 13:05:50.967] [DISPLAY] [Main ] [svc] Stopping the background service.
