[2026-01-22 11:39:14.163] [DISPLAY] [Main ] [launcher] Opening log file.
[2026-01-22 11:39:14.184] [DISPLAY] [Main ] [startupinfo] Command line: "C:\Program Files\Rockstar Games\Launcher\Launcher.exe" -skipPatcherCheck -epicAppId=gta5_gen9  -AUTH_LOGIN=unused -AUTH_PASSWORD=83e38e203c3442d4b724250d9ca745e0 -AUTH_TYPE=exchangecode -epicapp=8769e24080ea413b8ebca3f1b8c50951 -epicenv=Prod -EpicPortal -epicusername="paauuferreer" -epicuserid=ef75d578b50840a8a6eba7fdce3d5ab9 -epiclocale=es-ES -epicsandboxid=b0cd075465c44f87be3b505ac04a2e46 -rlrosdomainenv=prod @args.txt
[2026-01-22 11:39:14.184] [DISPLAY] [Main ] [fileutils] Checking version: C:\Program Files\Rockstar Games\Launcher\Launcher.exe
[2026-01-22 11:39:14.185] [DISPLAY] [Main ] [startupinfo] P4 Version: 
[2026-01-22 11:39:14.185] [DISPLAY] [Main ] [startupinfo] RGL Branch: release_05
[2026-01-22 11:39:14.185] [DISPLAY] [Main ] [startupinfo] Version:    1.0.105.2733
[2026-01-22 11:39:14.185] [DISPLAY] [Main ] [startupinfo] Session ID: 
[2026-01-22 11:39:14.185] [DISPLAY] [Main ] [startupinfo] Name Hash:  00000000
[2026-01-22 11:39:14.185] [DISPLAY] [Main ] [startupinfo] Parameters:
[2026-01-22 11:39:14.185] [DISPLAY] [Main ] [startupinfo]     C:\Program Files\Rockstar Games\Launcher\Launcher.exe
[2026-01-22 11:39:14.185] [DISPLAY] [Main ] [startupinfo]     -skipPatcherCheck
[2026-01-22 11:39:14.185] [DISPLAY] [Main ] [startupinfo]     -epicAppId=gta5_gen9
[2026-01-22 11:39:14.185] [DISPLAY] [Main ] [startupinfo]     -AUTH_LOGIN=unused
[2026-01-22 11:39:14.185] [DISPLAY] [Main ] [startupinfo]     -AUTH_PASSWORD=83e38e203c3442d4b724250d9ca745e0
[2026-01-22 11:39:14.185] [DISPLAY] [Main ] [startupinfo]     -AUTH_TYPE=exchangecode
[2026-01-22 11:39:14.185] [DISPLAY] [Main ] [startupinfo]     -epicapp=8769e24080ea413b8ebca3f1b8c50951
[2026-01-22 11:39:14.185] [DISPLAY] [Main ] [startupinfo]     -epicenv=Prod
[2026-01-22 11:39:14.185] [DISPLAY] [Main ] [startupinfo]     -EpicPortal
[2026-01-22 11:39:14.185] [DISPLAY] [Main ] [startupinfo]     -epicusername=paauuferreer
[2026-01-22 11:39:14.185] [DISPLAY] [Main ] [startupinfo]     -epicuserid=ef75d578b50840a8a6eba7fdce3d5ab9
[2026-01-22 11:39:14.185] [DISPLAY] [Main ] [startupinfo]     -epiclocale=es-ES
[2026-01-22 11:39:14.185] [DISPLAY] [Main ] [startupinfo]     -epicsandboxid=b0cd075465c44f87be3b505ac04a2e46
[2026-01-22 11:39:14.185] [DISPLAY] [Main ] [startupinfo]     -rlrosdomainenv=prod
[2026-01-22 11:39:14.185] [DISPLAY] [Main ] [startupinfo]     @args.txt
[2026-01-22 11:39:14.186] [DISPLAY] [Main ] [startup] Initial Working Directory: C:\Program Files\Epic Games\GTAVEnhanced
[2026-01-22 11:39:14.186] [DISPLAY] [Main ] [startup] Working directory: C:\Program Files\Rockstar Games\Launcher
[2026-01-22 11:39:14.205] [DISPLAY] [Main ] [packfile] Initialize 'Launcher.rpf' - succeeded
[2026-01-22 11:39:14.205] [DISPLAY] [Main ] [localisation] Language updated to: 4
[2026-01-22 11:39:14.338] [DISPLAY] [Main ] [external] Creating epic min mode launch
[2026-01-22 11:39:14.338] [DISPLAY] [Main ] [external] Epic App Id: gta5_gen9
[2026-01-22 11:39:14.338] [DISPLAY] [Main ] [external] Epic Location: C:\Program Files\Epic Games\GTAVEnhanced
[2026-01-22 11:39:14.338] [DISPLAY] [Main ] [external] Epic Relaunch: false
[2026-01-22 11:39:14.378] [DISPLAY] [Main ] [external] Running from Epic Games Launcher.
[2026-01-22 11:39:14.380] [DISPLAY] [Main ] [metadatamanager] Read external Epic metadata: gta5_gen9
[2026-01-22 11:39:14.380] [DISPLAY] [Main ] [environment] SetEnvironment: prod
[2026-01-22 11:39:14.388] [ ERROR ] [Main ] [fileutils] Failed to delete directory: C:\Users\bypau\OneDrive\Documents\Rockstar Games\GTAV Enhanced\User Music
[2026-01-22 11:39:14.390] [DISPLAY] [Main ] [subsystem] Init phase 1
[2026-01-22 11:39:14.390] [DISPLAY] [Main ] [fileutils] Checking version: C:\Program Files\Rockstar Games\Launcher\RockstarService.exe
[2026-01-22 11:39:14.390] [DISPLAY] [Main ] [svc] Service version: 1.0.105.2733 (1.0.105.2733)
[2026-01-22 11:39:14.390] [DISPLAY] [Main ] [svc] Starting service (attempt 1 / 3)...
[2026-01-22 11:39:14.410] [DISPLAY] [Main ] [titlestorage] Installed titles:
[2026-01-22 11:39:14.410] [DISPLAY] [Main ] [titlestorage]  Title                             Progress               Version              Location                                                    
[2026-01-22 11:39:14.441] [DISPLAY] [Main ] [fileutils] Checking version: C:\Program Files\Rockstar Games\Social Club\socialclub.dll
[2026-01-22 11:39:14.585] [DISPLAY] [Main ] [subsystem] Initializing group 0...
[2026-01-22 11:39:14.585] [DISPLAY] [Main ] [subsystem] Init phase 2
[2026-01-22 11:39:14.585] [DISPLAY] [Main ] [subsystem] Starting systems...
[2026-01-22 11:39:14.585] [DISPLAY] [Main ] [minmode] Overriding language from external game launch: es-ES
[2026-01-22 11:39:14.585] [DISPLAY] [Main ] [localisation] Language updated to: 4
[2026-01-22 11:39:14.585] [DISPLAY] [Main ] [subsystem] Starting diag...
[2026-01-22 11:39:14.585] [DISPLAY] [Main ] [fileutils] Checking local versions...
[2026-01-22 11:39:14.585] [DISPLAY] [Main ] [fileutils] Checking version: C:\Program Files\Rockstar Games\Social Club\socialclub.dll
[2026-01-22 11:39:14.586] [DISPLAY] [Main ] [fileutils] Checking RGL version...
[2026-01-22 11:39:14.586] [DISPLAY] [Main ] [fileutils] Version: 2.4.0.146 | 1.0.105.2733 | FFP
[2026-01-22 11:39:14.586] [DISPLAY] [Main ] [subsystem] Starting net...
[2026-01-22 11:39:14.602] [DISPLAY] [Main ] [subsystem] Assigning pools...
[2026-01-22 11:39:14.602] [DISPLAY] [Main ] [subsystem] Initializing engine...
[2026-01-22 11:39:14.602] [DISPLAY] [Main ] [subsystem] Initializing group 1...
[2026-01-22 11:39:14.617] [DISPLAY] [Workr] [selfupdate] Up-to-date.
[2026-01-22 11:39:14.781] [DISPLAY] [bgsvc] [svc] Received response from service.
[2026-01-22 11:39:15.187] [DISPLAY] [Main ] [systemtray] System tray: enabled
[2026-01-22 11:39:15.209] [DISPLAY] [Main ] [launcher] Passed check: majorVersion(10.0.26200) >= 10
[2026-01-22 11:39:15.345] [DISPLAY] [http1] [idownloader] Starting download of 'https://gamedownloads-rockstargames-com.akamaized.net/public/launcher_online_config.xml'
[2026-01-22 11:39:15.444] [DISPLAY] [http1] [idownloader] Completed download of 'https://gamedownloads-rockstargames-com.akamaized.net/public/launcher_online_config.xml' (status: 0/200)
[2026-01-22 11:39:15.492] [DISPLAY] [Workr] [marketing_promo] No promotion manifest in memory, refreshing from cloud.
[2026-01-22 11:39:15.492] [DISPLAY] [Workr] [marketing_promo] Requesting new manifest
[2026-01-22 11:39:15.492] [DISPLAY] [Workr] [titlemanager] Downloading title list...
[2026-01-22 11:39:15.492] [DISPLAY] [Workr] [titlemanager] Downloading default title list (SCS)...
[2026-01-22 11:39:15.492] [DISPLAY] [Workr] [idownloader] Starting download of 'https://rgl-prod.ros.rockstargames.com/launcher/11/LauncherServices/App.asmx/GetDefaultApps?accessToken='
[2026-01-22 11:39:16.030] [DISPLAY] [Workr] [idownloader] Completed download of 'https://rgl-prod.ros.rockstargames.com/launcher/11/LauncherServices/App.asmx/GetDefaultApps?accessToken=' (status: 0/200)
[2026-01-22 11:39:16.030] [DISPLAY] [Workr] [services] Obtained NA-BAT
[2026-01-22 11:39:16.030] [DISPLAY] [Workr] [services] Parsed response from GetDefaultApps: 1 title(s), 1 branch(es)
[2026-01-22 11:39:16.030] [DISPLAY] [Workr] [titlemanager] Retrieved default title: launcher
[2026-01-22 11:39:16.030] [DISPLAY] [Workr] [titlemanager] Launcher tokens: BAT: false, NA-BAT: true
[2026-01-22 11:39:16.030] [DISPLAY] [Workr] [titlemanager] Title list updated.
[2026-01-22 11:39:16.030] [DISPLAY] [Workr] [launcher] Checking for self-update...
[2026-01-22 11:39:16.048] [DISPLAY] [Workr] [mergedmanifest] Using regular build for launcher
[2026-01-22 11:39:16.048] [DISPLAY] [Workr] [titleupdater] Doing chunk checks for launcher...
[2026-01-22 11:39:16.048] [DISPLAY] [Workr] [titleupdater] Checked 0 chunk(s), 0 were empty, skipped 0 chunk(s) and 60 file(s)
[2026-01-22 11:39:16.048] [DISPLAY] [Workr] [statuschecker] Title Rockstar Games Launcher: 0.0 KB / 209.64 MB
[2026-01-22 11:39:16.049] [DISPLAY] [Workr] [selfupdate] Updating launcher...
[2026-01-22 11:39:16.049] [DISPLAY] [Workr] [selfupdate] Branch 4, build 1139: Has NA-BAT
[2026-01-22 11:39:18.084] [DISPLAY] [Workr] [diffpatch] 0 patchable files, total of 0.0 KB to download.
[2026-01-22 11:39:18.357] [DISPLAY] [Admin] [idownloader] Starting download of 'https://rgl-prod.ros.rockstargames.com/launcher/11/LauncherServices/App.asmx/RetrieveFileChunkNoAuthMulti'
[2026-01-22 11:39:19.765] [DISPLAY] [Admin] [idownloader] Completed download of 'https://rgl-prod.ros.rockstargames.com/launcher/11/LauncherServices/App.asmx/RetrieveFileChunkNoAuthMulti' (status: 0/200)
[2026-01-22 11:39:29.762] [DISPLAY] [Main ] [launcher] Shutdown requested! Forced: false
[2026-01-22 11:39:29.793] [DISPLAY] [Main ] [launcher] StartShutdown - Now in progress
[2026-01-22 11:39:29.793] [DISPLAY] [Main ] [launcher] SHUTDOWN_REQUESTED -> SHUTDOWN_MAIN_WINDOW
[2026-01-22 11:39:29.793] [DISPLAY] [Main ] [launcher] SHUTDOWN_MAIN_WINDOW -> SHUTDOWN_STARTUP_WINDOW
[2026-01-22 11:39:29.793] [DISPLAY] [Main ] [launcher] SHUTDOWN_STARTUP_WINDOW -> SHUTDOWN_NOTIFICATION_MANAGER
[2026-01-22 11:39:29.793] [DISPLAY] [Main ] [launcher] SHUTDOWN_NOTIFICATION_MANAGER -> SHUTDOWN_GAME_LAUNCHER
[2026-01-22 11:39:29.793] [DISPLAY] [Main ] [launcher] SHUTDOWN_GAME_LAUNCHER -> SHUTDOWN_WINDOW_CONTROLLER
[2026-01-22 11:39:29.793] [DISPLAY] [Main ] [launcher] SHUTDOWN_WINDOW_CONTROLLER -> SHUTDOWN_STOP_WORKER_THREADS
[2026-01-22 11:39:29.793] [DISPLAY] [Main ] [launcher] SHUTDOWN_STOP_WORKER_THREADS -> SHUTDOWN_TITLES
[2026-01-22 11:39:29.793] [DISPLAY] [Main ] [launcher] SHUTDOWN_TITLES -> SHUTDOWN_DISK
[2026-01-22 11:39:29.793] [DISPLAY] [Main ] [launcher] SHUTDOWN_DISK -> SHUTDOWN_BACKGROUND_SERVICE
[2026-01-22 11:39:29.793] [DISPLAY] [Main ] [launcher] SHUTDOWN_BACKGROUND_SERVICE -> SHUTDOWN_TELEMETRY
[2026-01-22 11:39:29.793] [DISPLAY] [Main ] [launcher] SHUTDOWN_TELEMETRY -> SHUTDOWN_CACHED_REQUEST_MANAGER
[2026-01-22 11:39:29.793] [DISPLAY] [Main ] [launcher] SHUTDOWN_CACHED_REQUEST_MANAGER -> SHUTDOWN_SETTINGS_MANAGER
[2026-01-22 11:39:29.793] [DISPLAY] [Main ] [launcher] SHUTDOWN_SETTINGS_MANAGER -> SHUTDOWN_SDK
[2026-01-22 11:39:29.793] [DISPLAY] [Main ] [launcher] SHUTDOWN_SDK -> SHUTDOWN_PRESENCE
[2026-01-22 11:39:29.793] [DISPLAY] [Main ] [launcher] SHUTDOWN_PRESENCE -> SHUTDOWN_SUBSYSTEMS
[2026-01-22 11:39:29.793] [DISPLAY] [Main ] [launcher] SHUTDOWN_SUBSYSTEMS -> SHUTDOWN_IN_PROGRESS
[2026-01-22 11:39:29.793] [DISPLAY] [Main ] [launcher] Telemetry flushed
[2026-01-22 11:39:29.793] [DISPLAY] [Main ] [launcher] Window destroyed
[2026-01-22 11:39:29.793] [DISPLAY] [Main ] [launcher] SDK ready for shutdown
[2026-01-22 11:39:29.793] [DISPLAY] [Main ] [launcher] Notifications cleared
[2026-01-22 11:39:29.793] [DISPLAY] [Main ] [launcher] No games running
[2026-01-22 11:39:29.808] [DISPLAY] [Workr] [downloadprogress] Dl: D|71685032|11|5|0|0
[2026-01-22 11:39:29.808] [DISPLAY] [Workr] [titleupdater] Update of Rockstar Games Launcher was cancelled.
[2026-01-22 11:39:29.824] [DISPLAY] [Workr] [launcher] No self-update, continuing.
[2026-01-22 11:39:29.858] [DISPLAY] [Workr] [launcher] Checking for prerequisite updates...
[2026-01-22 11:39:29.858] [DISPLAY] [Workr] [fileutils] Checking version: C:\Program Files\Rockstar Games\Social Club\socialclub.dll
[2026-01-22 11:39:29.859] [DISPLAY] [Workr] [fileutils] Checking version: C:\Program Files\Rockstar Games\Launcher\Redistributables\SocialClub\Social-Club-Setup.exe
[2026-01-22 11:39:29.859] [DISPLAY] [Workr] [fileutils] No version info: C:\Program Files\Rockstar Games\Launcher\Redistributables\SocialClub\Social-Club-Setup.exe
[2026-01-22 11:39:29.859] [ ERROR ] [Workr] [sctitle] Unable to get Social Club installer version from C:\Program Files\Rockstar Games\Launcher\Redistributables\SocialClub\Social-Club-Setup.exe
[2026-01-22 11:39:29.859] [DISPLAY] [Workr] [preqmanager] Flagging Social Club for reinstall.
[2026-01-22 11:39:29.947] [DISPLAY] [Workr] [titleupdater] Installing prerequisites for title launcher
[2026-01-22 11:39:29.947] [ ERROR ] [Workr] [launcher] Unable to install prerequisites!
[2026-01-22 11:39:29.947] [DISPLAY] [Workr] [launcher] Shutdown was requested, aborting.
[2026-01-22 11:39:29.947] [DISPLAY] [Workr] [launcher] Completed Pre-initialization tasks
[2026-01-22 11:39:29.979] [DISPLAY] [Main ] [launcher] Worker Threads shutdown
[2026-01-22 11:39:29.979] [DISPLAY] [Main ] [launcher] Title state flushed
[2026-01-22 11:39:29.979] [DISPLAY] [Main ] [launcher] Disk state flushed
[2026-01-22 11:39:29.979] [DISPLAY] [Main ] [launcher] Cached Requests cleared
[2026-01-22 11:39:29.979] [DISPLAY] [Main ] [launcher] Settings saved
[2026-01-22 11:39:29.979] [DISPLAY] [Main ] [launcher] Presence signed out
[2026-01-22 11:39:29.979] [DISPLAY] [Main ] [launcher] All subsystems have shut down
[2026-01-22 11:39:29.979] [DISPLAY] [Main ] [launcher] SHUTDOWN_IN_PROGRESS -> SHUTDOWN_COMPLETE
[2026-01-22 11:39:29.979] [DISPLAY] [Main ] [app] Application quit requested (exit code: 0)
[2026-01-22 11:39:29.979] [DISPLAY] [Main ] [launcher] SHUTDOWN_COMPLETE -> SHUTDOWN_EXITING
[2026-01-22 11:39:30.057] [DISPLAY] [Main ] [svc] Stopping the background service.
